   1    0.000000000000000E+00    0.651041666666667E-03    0.100000000000000E+01    0.100000000000000E+01
   2    0.130208333333333E-02    0.195312500000000E-02    0.100000000000000E+01    0.100000000000000E+01
   3    0.260416666666667E-02    0.325520833333333E-02    0.100000000000000E+01    0.100000000000000E+01
   4    0.390625000000000E-02    0.455729166666667E-02    0.100000000000000E+01    0.100000000000000E+01
   5    0.520833333333333E-02    0.585937500000000E-02    0.100000000000000E+01    0.100000000000000E+01
   6    0.651041666666667E-02    0.716145833333333E-02    0.100000000000000E+01    0.100000000000000E+01
   7    0.781250000000000E-02    0.846354166666667E-02    0.100000000000000E+01    0.100000000000000E+01
   8    0.911458333333333E-02    0.976562500000000E-02    0.100000000000000E+01    0.999999999999999E+00
   9    0.104166666666667E-01    0.110677083333333E-01    0.100000000000000E+01    0.100000000000000E+01
  10    0.117187500000000E-01    0.123697916666667E-01    0.100000000000000E+01    0.100000000000000E+01
  11    0.130208333333333E-01    0.136718750000000E-01    0.100000000000000E+01    0.999999999999999E+00
  12    0.143229166666667E-01    0.149739583333333E-01    0.100000000000000E+01    0.999999999999999E+00
  13    0.156250000000000E-01    0.162760416666667E-01    0.100000000000000E+01    0.100000000000000E+01
  14    0.169270833333333E-01    0.175781250000000E-01    0.100000000000000E+01    0.100000000000000E+01
  15    0.182291666666667E-01    0.188802083333333E-01    0.100000000000000E+01    0.999999999999999E+00
  16    0.195312500000000E-01    0.201822916666667E-01    0.999999999999999E+00    0.999999999999999E+00
  17    0.208333333333333E-01    0.214843750000000E-01    0.100000000000000E+01    0.100000000000000E+01
  18    0.221354166666667E-01    0.227864583333333E-01    0.100000000000000E+01    0.999999999999999E+00
  19    0.234375000000000E-01    0.240885416666667E-01    0.999999999999999E+00    0.999999999999999E+00
  20    0.247395833333333E-01    0.253906250000000E-01    0.100000000000000E+01    0.100000000000000E+01
  21    0.260416666666667E-01    0.266927083333333E-01    0.100000000000000E+01    0.999999999999999E+00
  22    0.273437500000000E-01    0.279947916666667E-01    0.999999999999999E+00    0.999999999999999E+00
  23    0.286458333333333E-01    0.292968750000000E-01    0.100000000000000E+01    0.100000000000000E+01
  24    0.299479166666667E-01    0.305989583333333E-01    0.100000000000000E+01    0.100000000000000E+01
  25    0.312500000000000E-01    0.319010416666667E-01    0.100000000000000E+01    0.999999999999999E+00
  26    0.325520833333333E-01    0.332031250000000E-01    0.999999999999999E+00    0.999999999999996E+00
  27    0.338541666666667E-01    0.345052083333333E-01    0.999999999999999E+00    0.100000000000000E+01
  28    0.351562500000000E-01    0.358072916666667E-01    0.100000000000000E+01    0.100000000000000E+01
  29    0.364583333333333E-01    0.371093750000000E-01    0.999999999999999E+00    0.999999999999996E+00
  30    0.377604166666667E-01    0.384114583333333E-01    0.999999999999999E+00    0.100000000000000E+01
  31    0.390625000000000E-01    0.397135416666667E-01    0.100000000000000E+01    0.100000000000000E+01
  32    0.403645833333333E-01    0.410156250000000E-01    0.999999999999999E+00    0.999999999999996E+00
  33    0.416666666666667E-01    0.423177083333333E-01    0.999999999999999E+00    0.100000000000000E+01
  34    0.429687500000000E-01    0.436197916666667E-01    0.100000000000000E+01    0.100000000000000E+01
  35    0.442708333333333E-01    0.449218750000000E-01    0.999999999999999E+00    0.999999999999996E+00
  36    0.455729166666667E-01    0.462239583333333E-01    0.999999999999999E+00    0.100000000000000E+01
  37    0.468750000000000E-01    0.475260416666667E-01    0.100000000000000E+01    0.100000000000000E+01
  38    0.481770833333333E-01    0.488281250000000E-01    0.999999999999999E+00    0.999999999999996E+00
  39    0.494791666666667E-01    0.501302083333333E-01    0.999999999999999E+00    0.100000000000000E+01
  40    0.507812500000000E-01    0.514322916666667E-01    0.100000000000000E+01    0.100000000000000E+01
  41    0.520833333333333E-01    0.527343750000000E-01    0.999999999999999E+00    0.999999999999996E+00
  42    0.533854166666667E-01    0.540364583333333E-01    0.999999999999999E+00    0.100000000000000E+01
  43    0.546875000000000E-01    0.553385416666667E-01    0.100000000000000E+01    0.100000000000000E+01
  44    0.559895833333333E-01    0.566406250000000E-01    0.999999999999999E+00    0.999999999999996E+00
  45    0.572916666666667E-01    0.579427083333333E-01    0.999999999999999E+00    0.100000000000000E+01
  46    0.585937500000000E-01    0.592447916666667E-01    0.100000000000000E+01    0.100000000000000E+01
  47    0.598958333333333E-01    0.605468750000000E-01    0.999999999999999E+00    0.999999999999996E+00
  48    0.611979166666667E-01    0.618489583333333E-01    0.999999999999999E+00    0.999999999999996E+00
  49    0.625000000000000E-01    0.631510416666667E-01    0.999999999999999E+00    0.100000000000000E+01
  50    0.638020833333333E-01    0.644531250000000E-01    0.100000000000000E+01    0.100000000000001E+01
  51    0.651041666666667E-01    0.657552083333333E-01    0.100000000000000E+01    0.999999999999996E+00
  52    0.664062500000000E-01    0.670572916666667E-01    0.999999999999996E+00    0.999999999999996E+00
  53    0.677083333333333E-01    0.683593750000000E-01    0.100000000000000E+01    0.100000000000001E+01
  54    0.690104166666667E-01    0.696614583333333E-01    0.100000000000000E+01    0.999999999999996E+00
  55    0.703125000000000E-01    0.709635416666667E-01    0.999999999999996E+00    0.999999999999996E+00
  56    0.716145833333333E-01    0.722656250000000E-01    0.100000000000000E+01    0.100000000000001E+01
  57    0.729166666666667E-01    0.735677083333333E-01    0.100000000000000E+01    0.999999999999996E+00
  58    0.742187500000000E-01    0.748697916666667E-01    0.999999999999996E+00    0.999999999999996E+00
  59    0.755208333333333E-01    0.761718750000000E-01    0.100000000000000E+01    0.100000000000001E+01
  60    0.768229166666667E-01    0.774739583333333E-01    0.100000000000000E+01    0.999999999999996E+00
  61    0.781250000000000E-01    0.787760416666667E-01    0.999999999999996E+00    0.999999999999996E+00
  62    0.794270833333333E-01    0.800781250000000E-01    0.100000000000000E+01    0.100000000000001E+01
  63    0.807291666666667E-01    0.813802083333333E-01    0.100000000000000E+01    0.999999999999996E+00
  64    0.820312500000000E-01    0.826822916666667E-01    0.999999999999996E+00    0.999999999999996E+00
  65    0.833333333333333E-01    0.839843750000000E-01    0.100000000000000E+01    0.100000000000001E+01
  66    0.846354166666667E-01    0.852864583333333E-01    0.100000000000000E+01    0.999999999999996E+00
  67    0.859375000000000E-01    0.865885416666667E-01    0.999999999999996E+00    0.999999999999996E+00
  68    0.872395833333333E-01    0.878906250000000E-01    0.100000000000000E+01    0.100000000000001E+01
  69    0.885416666666667E-01    0.891927083333333E-01    0.100000000000000E+01    0.999999999999996E+00
  70    0.898437500000000E-01    0.904947916666667E-01    0.999999999999996E+00    0.999999999999996E+00
  71    0.911458333333333E-01    0.917968750000000E-01    0.100000000000000E+01    0.100000000000001E+01
  72    0.924479166666667E-01    0.930989583333333E-01    0.100000000000000E+01    0.999999999999996E+00
  73    0.937500000000000E-01    0.944010416666667E-01    0.999999999999996E+00    0.999999999999996E+00
  74    0.950520833333333E-01    0.957031250000000E-01    0.100000000000000E+01    0.100000000000001E+01
  75    0.963541666666667E-01    0.970052083333333E-01    0.100000000000000E+01    0.999999999999996E+00
  76    0.976562500000000E-01    0.983072916666667E-01    0.999999999999996E+00    0.999999999999996E+00
  77    0.989583333333333E-01    0.996093750000000E-01    0.100000000000000E+01    0.100000000000001E+01
  78    0.100260416666667E+00    0.100911458333333E+00    0.100000000000000E+01    0.999999999999996E+00
  79    0.101562500000000E+00    0.102213541666667E+00    0.999999999999996E+00    0.999999999999996E+00
  80    0.102864583333333E+00    0.103515625000000E+00    0.100000000000000E+01    0.100000000000001E+01
  81    0.104166666666667E+00    0.104817708333333E+00    0.100000000000000E+01    0.999999999999996E+00
  82    0.105468750000000E+00    0.106119791666667E+00    0.999999999999996E+00    0.999999999999996E+00
  83    0.106770833333333E+00    0.107421875000000E+00    0.100000000000000E+01    0.100000000000001E+01
  84    0.108072916666667E+00    0.108723958333333E+00    0.100000000000000E+01    0.999999999999996E+00
  85    0.109375000000000E+00    0.110026041666667E+00    0.999999999999996E+00    0.999999999999996E+00
  86    0.110677083333333E+00    0.111328125000000E+00    0.100000000000000E+01    0.100000000000001E+01
  87    0.111979166666667E+00    0.112630208333333E+00    0.100000000000000E+01    0.999999999999996E+00
  88    0.113281250000000E+00    0.113932291666667E+00    0.999999999999996E+00    0.999999999999996E+00
  89    0.114583333333333E+00    0.115234375000000E+00    0.100000000000000E+01    0.100000000000001E+01
  90    0.115885416666667E+00    0.116536458333333E+00    0.100000000000000E+01    0.999999999999996E+00
  91    0.117187500000000E+00    0.117838541666667E+00    0.999999999999996E+00    0.999999999999996E+00
  92    0.118489583333333E+00    0.119140625000000E+00    0.100000000000000E+01    0.100000000000001E+01
  93    0.119791666666667E+00    0.120442708333333E+00    0.100000000000000E+01    0.999999999999996E+00
  94    0.121093750000000E+00    0.121744791666667E+00    0.999999999999996E+00    0.999999999999996E+00
  95    0.122395833333333E+00    0.123046875000000E+00    0.100000000000000E+01    0.100000000000001E+01
  96    0.123697916666667E+00    0.124348958333333E+00    0.100000000000000E+01    0.100000000000001E+01
  97    0.125000000000000E+00    0.125651041666667E+00    0.100000000000000E+01    0.999999999999996E+00
  98    0.126302083333333E+00    0.126953125000000E+00    0.999999999999996E+00    0.999999999999986E+00
  99    0.127604166666667E+00    0.128255208333333E+00    0.999999999999996E+00    0.100000000000001E+01
 100    0.128906250000000E+00    0.129557291666667E+00    0.100000000000001E+01    0.100000000000001E+01
 101    0.130208333333333E+00    0.130859375000000E+00    0.999999999999996E+00    0.999999999999986E+00
 102    0.131510416666667E+00    0.132161458333333E+00    0.999999999999996E+00    0.100000000000001E+01
 103    0.132812500000000E+00    0.133463541666667E+00    0.100000000000001E+01    0.100000000000001E+01
 104    0.134114583333333E+00    0.134765625000000E+00    0.999999999999996E+00    0.999999999999986E+00
 105    0.135416666666667E+00    0.136067708333333E+00    0.999999999999996E+00    0.100000000000001E+01
 106    0.136718750000000E+00    0.137369791666667E+00    0.100000000000001E+01    0.100000000000001E+01
 107    0.138020833333333E+00    0.138671875000000E+00    0.999999999999996E+00    0.999999999999986E+00
 108    0.139322916666667E+00    0.139973958333333E+00    0.999999999999996E+00    0.100000000000001E+01
 109    0.140625000000000E+00    0.141276041666667E+00    0.100000000000001E+01    0.100000000000001E+01
 110    0.141927083333333E+00    0.142578125000000E+00    0.999999999999996E+00    0.999999999999986E+00
 111    0.143229166666667E+00    0.143880208333333E+00    0.999999999999996E+00    0.100000000000001E+01
 112    0.144531250000000E+00    0.145182291666667E+00    0.100000000000001E+01    0.100000000000001E+01
 113    0.145833333333333E+00    0.146484375000000E+00    0.999999999999996E+00    0.999999999999986E+00
 114    0.147135416666667E+00    0.147786458333333E+00    0.999999999999996E+00    0.100000000000001E+01
 115    0.148437500000000E+00    0.149088541666667E+00    0.100000000000001E+01    0.100000000000001E+01
 116    0.149739583333333E+00    0.150390625000000E+00    0.999999999999996E+00    0.999999999999986E+00
 117    0.151041666666667E+00    0.151692708333333E+00    0.999999999999996E+00    0.100000000000001E+01
 118    0.152343750000000E+00    0.152994791666667E+00    0.100000000000001E+01    0.100000000000001E+01
 119    0.153645833333333E+00    0.154296875000000E+00    0.999999999999996E+00    0.999999999999986E+00
 120    0.154947916666667E+00    0.155598958333333E+00    0.999999999999996E+00    0.100000000000001E+01
 121    0.156250000000000E+00    0.156901041666667E+00    0.100000000000001E+01    0.100000000000001E+01
 122    0.157552083333333E+00    0.158203125000000E+00    0.999999999999996E+00    0.999999999999986E+00
 123    0.158854166666667E+00    0.159505208333333E+00    0.999999999999996E+00    0.100000000000001E+01
 124    0.160156250000000E+00    0.160807291666667E+00    0.100000000000001E+01    0.100000000000001E+01
 125    0.161458333333333E+00    0.162109375000000E+00    0.999999999999996E+00    0.999999999999986E+00
 126    0.162760416666667E+00    0.163411458333333E+00    0.999999999999996E+00    0.100000000000001E+01
 127    0.164062500000000E+00    0.164713541666667E+00    0.100000000000001E+01    0.100000000000001E+01
 128    0.165364583333333E+00    0.166015625000000E+00    0.999999999999996E+00    0.999999999999986E+00
 129    0.166666666666667E+00    0.167317708333333E+00    0.999999999999996E+00    0.100000000000001E+01
 130    0.167968750000000E+00    0.168619791666667E+00    0.100000000000001E+01    0.100000000000001E+01
 131    0.169270833333333E+00    0.169921875000000E+00    0.999999999999996E+00    0.999999999999986E+00
 132    0.170572916666667E+00    0.171223958333333E+00    0.999999999999996E+00    0.100000000000001E+01
 133    0.171875000000000E+00    0.172526041666667E+00    0.100000000000001E+01    0.100000000000001E+01
 134    0.173177083333333E+00    0.173828125000000E+00    0.999999999999996E+00    0.999999999999986E+00
 135    0.174479166666667E+00    0.175130208333333E+00    0.999999999999996E+00    0.100000000000001E+01
 136    0.175781250000000E+00    0.176432291666667E+00    0.100000000000001E+01    0.100000000000001E+01
 137    0.177083333333333E+00    0.177734375000000E+00    0.999999999999996E+00    0.999999999999986E+00
 138    0.178385416666667E+00    0.179036458333333E+00    0.999999999999996E+00    0.100000000000001E+01
 139    0.179687500000000E+00    0.180338541666667E+00    0.100000000000001E+01    0.100000000000001E+01
 140    0.180989583333333E+00    0.181640625000000E+00    0.999999999999996E+00    0.999999999999986E+00
 141    0.182291666666667E+00    0.182942708333333E+00    0.999999999999996E+00    0.100000000000001E+01
 142    0.183593750000000E+00    0.184244791666667E+00    0.100000000000001E+01    0.100000000000001E+01
 143    0.184895833333333E+00    0.185546875000000E+00    0.999999999999996E+00    0.999999999999986E+00
 144    0.186197916666667E+00    0.186848958333333E+00    0.999999999999996E+00    0.100000000000001E+01
 145    0.187500000000000E+00    0.188151041666667E+00    0.100000000000001E+01    0.100000000000001E+01
 146    0.188802083333333E+00    0.189453125000000E+00    0.999999999999996E+00    0.999999999999986E+00
 147    0.190104166666667E+00    0.190755208333333E+00    0.999999999999996E+00    0.100000000000001E+01
 148    0.191406250000000E+00    0.192057291666667E+00    0.100000000000001E+01    0.100000000000001E+01
 149    0.192708333333333E+00    0.193359375000000E+00    0.999999999999996E+00    0.999999999999986E+00
 150    0.194010416666667E+00    0.194661458333333E+00    0.999999999999996E+00    0.100000000000001E+01
 151    0.195312500000000E+00    0.195963541666667E+00    0.100000000000001E+01    0.100000000000001E+01
 152    0.196614583333333E+00    0.197265625000000E+00    0.999999999999996E+00    0.999999999999986E+00
 153    0.197916666666667E+00    0.198567708333333E+00    0.999999999999996E+00    0.100000000000001E+01
 154    0.199218750000000E+00    0.199869791666667E+00    0.100000000000001E+01    0.100000000000001E+01
 155    0.200520833333333E+00    0.201171875000000E+00    0.999999999999996E+00    0.999999999999986E+00
 156    0.201822916666667E+00    0.202473958333333E+00    0.999999999999996E+00    0.100000000000001E+01
 157    0.203125000000000E+00    0.203776041666667E+00    0.100000000000001E+01    0.100000000000001E+01
 158    0.204427083333333E+00    0.205078125000000E+00    0.999999999999996E+00    0.999999999999986E+00
 159    0.205729166666667E+00    0.206380208333333E+00    0.999999999999996E+00    0.100000000000001E+01
 160    0.207031250000000E+00    0.207682291666667E+00    0.100000000000001E+01    0.100000000000001E+01
 161    0.208333333333333E+00    0.208984375000000E+00    0.999999999999996E+00    0.999999999999986E+00
 162    0.209635416666667E+00    0.210286458333333E+00    0.999999999999996E+00    0.100000000000001E+01
 163    0.210937500000000E+00    0.211588541666667E+00    0.100000000000001E+01    0.100000000000001E+01
 164    0.212239583333333E+00    0.212890625000000E+00    0.999999999999996E+00    0.999999999999986E+00
 165    0.213541666666667E+00    0.214192708333333E+00    0.999999999999996E+00    0.100000000000001E+01
 166    0.214843750000000E+00    0.215494791666667E+00    0.100000000000001E+01    0.100000000000001E+01
 167    0.216145833333333E+00    0.216796875000000E+00    0.999999999999996E+00    0.999999999999986E+00
 168    0.217447916666667E+00    0.218098958333333E+00    0.999999999999996E+00    0.100000000000001E+01
 169    0.218750000000000E+00    0.219401041666667E+00    0.100000000000001E+01    0.100000000000001E+01
 170    0.220052083333333E+00    0.220703125000000E+00    0.999999999999996E+00    0.999999999999986E+00
 171    0.221354166666667E+00    0.222005208333333E+00    0.999999999999996E+00    0.100000000000001E+01
 172    0.222656250000000E+00    0.223307291666667E+00    0.100000000000001E+01    0.100000000000001E+01
 173    0.223958333333333E+00    0.224609375000000E+00    0.999999999999996E+00    0.999999999999986E+00
 174    0.225260416666667E+00    0.225911458333333E+00    0.999999999999996E+00    0.100000000000001E+01
 175    0.226562500000000E+00    0.227213541666667E+00    0.100000000000001E+01    0.100000000000001E+01
 176    0.227864583333333E+00    0.228515625000000E+00    0.999999999999996E+00    0.999999999999986E+00
 177    0.229166666666667E+00    0.229817708333333E+00    0.999999999999996E+00    0.100000000000001E+01
 178    0.230468750000000E+00    0.231119791666667E+00    0.100000000000001E+01    0.100000000000001E+01
 179    0.231770833333333E+00    0.232421875000000E+00    0.999999999999996E+00    0.999999999999986E+00
 180    0.233072916666667E+00    0.233723958333333E+00    0.999999999999996E+00    0.100000000000001E+01
 181    0.234375000000000E+00    0.235026041666667E+00    0.100000000000001E+01    0.100000000000001E+01
 182    0.235677083333333E+00    0.236328125000000E+00    0.999999999999996E+00    0.999999999999986E+00
 183    0.236979166666667E+00    0.237630208333333E+00    0.999999999999996E+00    0.100000000000001E+01
 184    0.238281250000000E+00    0.238932291666667E+00    0.100000000000001E+01    0.100000000000001E+01
 185    0.239583333333333E+00    0.240234375000000E+00    0.999999999999996E+00    0.999999999999986E+00
 186    0.240885416666667E+00    0.241536458333333E+00    0.999999999999996E+00    0.100000000000001E+01
 187    0.242187500000000E+00    0.242838541666667E+00    0.100000000000001E+01    0.100000000000001E+01
 188    0.243489583333333E+00    0.244140625000000E+00    0.999999999999996E+00    0.999999999999986E+00
 189    0.244791666666667E+00    0.245442708333333E+00    0.999999999999996E+00    0.100000000000001E+01
 190    0.246093750000000E+00    0.246744791666667E+00    0.100000000000001E+01    0.100000000000001E+01
 191    0.247395833333333E+00    0.248046875000000E+00    0.999999999999996E+00    0.999999999999986E+00
 192    0.248697916666667E+00    0.249348958333333E+00    0.999999999999996E+00    0.999999999999986E+00
 193    0.250000000000000E+00    0.250651041666667E+00    0.999999999999996E+00    0.100000000000001E+01
 194    0.251302083333333E+00    0.251953125000000E+00    0.100000000000001E+01    0.100000000000003E+01
 195    0.252604166666667E+00    0.253255208333333E+00    0.100000000000001E+01    0.999999999999986E+00
 196    0.253906250000000E+00    0.254557291666667E+00    0.999999999999986E+00    0.999999999999986E+00
 197    0.255208333333333E+00    0.255859375000000E+00    0.100000000000001E+01    0.100000000000003E+01
 198    0.256510416666667E+00    0.257161458333333E+00    0.100000000000001E+01    0.999999999999986E+00
 199    0.257812500000000E+00    0.258463541666667E+00    0.999999999999986E+00    0.999999999999986E+00
 200    0.259114583333333E+00    0.259765625000000E+00    0.100000000000001E+01    0.100000000000003E+01
 201    0.260416666666667E+00    0.261067708333333E+00    0.100000000000001E+01    0.999999999999986E+00
 202    0.261718750000000E+00    0.262369791666667E+00    0.999999999999986E+00    0.999999999999986E+00
 203    0.263020833333333E+00    0.263671875000000E+00    0.100000000000001E+01    0.100000000000003E+01
 204    0.264322916666667E+00    0.264973958333333E+00    0.100000000000001E+01    0.999999999999986E+00
 205    0.265625000000000E+00    0.266276041666667E+00    0.999999999999986E+00    0.999999999999986E+00
 206    0.266927083333333E+00    0.267578125000000E+00    0.100000000000001E+01    0.100000000000003E+01
 207    0.268229166666667E+00    0.268880208333333E+00    0.100000000000001E+01    0.999999999999986E+00
 208    0.269531250000000E+00    0.270182291666667E+00    0.999999999999986E+00    0.999999999999986E+00
 209    0.270833333333333E+00    0.271484375000000E+00    0.100000000000001E+01    0.100000000000003E+01
 210    0.272135416666667E+00    0.272786458333333E+00    0.100000000000001E+01    0.999999999999986E+00
 211    0.273437500000000E+00    0.274088541666667E+00    0.999999999999986E+00    0.999999999999986E+00
 212    0.274739583333333E+00    0.275390625000000E+00    0.100000000000001E+01    0.100000000000003E+01
 213    0.276041666666667E+00    0.276692708333333E+00    0.100000000000001E+01    0.999999999999986E+00
 214    0.277343750000000E+00    0.277994791666667E+00    0.999999999999986E+00    0.999999999999986E+00
 215    0.278645833333333E+00    0.279296875000000E+00    0.100000000000001E+01    0.100000000000003E+01
 216    0.279947916666667E+00    0.280598958333333E+00    0.100000000000001E+01    0.999999999999986E+00
 217    0.281250000000000E+00    0.281901041666667E+00    0.999999999999986E+00    0.999999999999986E+00
 218    0.282552083333333E+00    0.283203125000000E+00    0.100000000000001E+01    0.100000000000003E+01
 219    0.283854166666667E+00    0.284505208333333E+00    0.100000000000001E+01    0.999999999999986E+00
 220    0.285156250000000E+00    0.285807291666667E+00    0.999999999999986E+00    0.999999999999986E+00
 221    0.286458333333333E+00    0.287109375000000E+00    0.100000000000001E+01    0.100000000000003E+01
 222    0.287760416666667E+00    0.288411458333333E+00    0.100000000000001E+01    0.999999999999986E+00
 223    0.289062500000000E+00    0.289713541666667E+00    0.999999999999986E+00    0.999999999999986E+00
 224    0.290364583333333E+00    0.291015625000000E+00    0.100000000000001E+01    0.100000000000003E+01
 225    0.291666666666667E+00    0.292317708333333E+00    0.100000000000001E+01    0.999999999999986E+00
 226    0.292968750000000E+00    0.293619791666667E+00    0.999999999999986E+00    0.999999999999986E+00
 227    0.294270833333333E+00    0.294921875000000E+00    0.100000000000001E+01    0.100000000000003E+01
 228    0.295572916666667E+00    0.296223958333333E+00    0.100000000000001E+01    0.999999999999986E+00
 229    0.296875000000000E+00    0.297526041666667E+00    0.999999999999986E+00    0.999999999999986E+00
 230    0.298177083333333E+00    0.298828125000000E+00    0.100000000000001E+01    0.100000000000003E+01
 231    0.299479166666667E+00    0.300130208333333E+00    0.100000000000001E+01    0.999999999999986E+00
 232    0.300781250000000E+00    0.301432291666667E+00    0.999999999999986E+00    0.999999999999986E+00
 233    0.302083333333333E+00    0.302734375000000E+00    0.100000000000001E+01    0.100000000000003E+01
 234    0.303385416666667E+00    0.304036458333333E+00    0.100000000000001E+01    0.999999999999986E+00
 235    0.304687500000000E+00    0.305338541666667E+00    0.999999999999986E+00    0.999999999999986E+00
 236    0.305989583333333E+00    0.306640625000000E+00    0.100000000000001E+01    0.100000000000003E+01
 237    0.307291666666667E+00    0.307942708333333E+00    0.100000000000001E+01    0.999999999999986E+00
 238    0.308593750000000E+00    0.309244791666667E+00    0.999999999999986E+00    0.999999999999986E+00
 239    0.309895833333333E+00    0.310546875000000E+00    0.100000000000001E+01    0.100000000000003E+01
 240    0.311197916666667E+00    0.311848958333333E+00    0.100000000000001E+01    0.999999999999986E+00
 241    0.312500000000000E+00    0.313151041666667E+00    0.999999999999986E+00    0.999999999999986E+00
 242    0.313802083333333E+00    0.314453125000000E+00    0.100000000000001E+01    0.100000000000003E+01
 243    0.315104166666667E+00    0.315755208333333E+00    0.100000000000001E+01    0.999999999999986E+00
 244    0.316406250000000E+00    0.317057291666667E+00    0.999999999999986E+00    0.999999999999986E+00
 245    0.317708333333333E+00    0.318359375000000E+00    0.100000000000001E+01    0.100000000000003E+01
 246    0.319010416666667E+00    0.319661458333333E+00    0.100000000000001E+01    0.999999999999986E+00
 247    0.320312500000000E+00    0.320963541666667E+00    0.999999999999986E+00    0.999999999999986E+00
 248    0.321614583333333E+00    0.322265625000000E+00    0.100000000000001E+01    0.100000000000003E+01
 249    0.322916666666667E+00    0.323567708333333E+00    0.100000000000001E+01    0.999999999999986E+00
 250    0.324218750000000E+00    0.324869791666667E+00    0.999999999999986E+00    0.999999999999986E+00
 251    0.325520833333333E+00    0.326171875000000E+00    0.100000000000001E+01    0.100000000000003E+01
 252    0.326822916666667E+00    0.327473958333333E+00    0.100000000000001E+01    0.999999999999986E+00
 253    0.328125000000000E+00    0.328776041666667E+00    0.999999999999986E+00    0.999999999999986E+00
 254    0.329427083333333E+00    0.330078125000000E+00    0.100000000000001E+01    0.100000000000003E+01
 255    0.330729166666667E+00    0.331380208333333E+00    0.100000000000001E+01    0.999999999999986E+00
 256    0.332031250000000E+00    0.332682291666667E+00    0.999999999999986E+00    0.999999999999986E+00
 257    0.333333333333333E+00    0.333984375000000E+00    0.100000000000001E+01    0.100000000000003E+01
 258    0.334635416666667E+00    0.335286458333333E+00    0.100000000000001E+01    0.999999999999986E+00
 259    0.335937500000000E+00    0.336588541666667E+00    0.999999999999986E+00    0.999999999999986E+00
 260    0.337239583333333E+00    0.337890625000000E+00    0.100000000000001E+01    0.100000000000003E+01
 261    0.338541666666667E+00    0.339192708333333E+00    0.100000000000001E+01    0.999999999999986E+00
 262    0.339843750000000E+00    0.340494791666667E+00    0.999999999999986E+00    0.999999999999986E+00
 263    0.341145833333333E+00    0.341796875000000E+00    0.100000000000001E+01    0.100000000000003E+01
 264    0.342447916666667E+00    0.343098958333333E+00    0.100000000000001E+01    0.999999999999986E+00
 265    0.343750000000000E+00    0.344401041666667E+00    0.999999999999986E+00    0.999999999999986E+00
 266    0.345052083333333E+00    0.345703125000000E+00    0.100000000000001E+01    0.100000000000003E+01
 267    0.346354166666667E+00    0.347005208333333E+00    0.100000000000001E+01    0.999999999999986E+00
 268    0.347656250000000E+00    0.348307291666667E+00    0.999999999999986E+00    0.999999999999986E+00
 269    0.348958333333333E+00    0.349609375000000E+00    0.100000000000001E+01    0.100000000000003E+01
 270    0.350260416666667E+00    0.350911458333333E+00    0.100000000000001E+01    0.999999999999986E+00
 271    0.351562500000000E+00    0.352213541666667E+00    0.999999999999986E+00    0.999999999999986E+00
 272    0.352864583333333E+00    0.353515625000000E+00    0.100000000000001E+01    0.100000000000003E+01
 273    0.354166666666667E+00    0.354817708333333E+00    0.100000000000001E+01    0.999999999999986E+00
 274    0.355468750000000E+00    0.356119791666667E+00    0.999999999999986E+00    0.999999999999986E+00
 275    0.356770833333333E+00    0.357421875000000E+00    0.100000000000001E+01    0.100000000000003E+01
 276    0.358072916666667E+00    0.358723958333333E+00    0.100000000000001E+01    0.999999999999986E+00
 277    0.359375000000000E+00    0.360026041666667E+00    0.999999999999986E+00    0.999999999999986E+00
 278    0.360677083333333E+00    0.361328125000000E+00    0.100000000000001E+01    0.100000000000003E+01
 279    0.361979166666667E+00    0.362630208333333E+00    0.100000000000001E+01    0.999999999999986E+00
 280    0.363281250000000E+00    0.363932291666667E+00    0.999999999999986E+00    0.999999999999986E+00
 281    0.364583333333333E+00    0.365234375000000E+00    0.100000000000001E+01    0.100000000000003E+01
 282    0.365885416666667E+00    0.366536458333333E+00    0.100000000000001E+01    0.999999999999986E+00
 283    0.367187500000000E+00    0.367838541666667E+00    0.999999999999986E+00    0.999999999999986E+00
 284    0.368489583333333E+00    0.369140625000000E+00    0.100000000000001E+01    0.100000000000003E+01
 285    0.369791666666667E+00    0.370442708333333E+00    0.100000000000001E+01    0.999999999999986E+00
 286    0.371093750000000E+00    0.371744791666667E+00    0.999999999999986E+00    0.999999999999986E+00
 287    0.372395833333333E+00    0.373046875000000E+00    0.100000000000001E+01    0.100000000000003E+01
 288    0.373697916666667E+00    0.374348958333333E+00    0.100000000000001E+01    0.999999999999986E+00
 289    0.375000000000000E+00    0.375651041666667E+00    0.999999999999986E+00    0.999999999999986E+00
 290    0.376302083333333E+00    0.376953125000000E+00    0.100000000000001E+01    0.100000000000003E+01
 291    0.377604166666667E+00    0.378255208333333E+00    0.100000000000001E+01    0.999999999999986E+00
 292    0.378906250000000E+00    0.379557291666667E+00    0.999999999999986E+00    0.999999999999986E+00
 293    0.380208333333333E+00    0.380859375000000E+00    0.100000000000001E+01    0.100000000000003E+01
 294    0.381510416666667E+00    0.382161458333333E+00    0.100000000000001E+01    0.999999999999986E+00
 295    0.382812500000000E+00    0.383463541666667E+00    0.999999999999986E+00    0.999999999999986E+00
 296    0.384114583333333E+00    0.384765625000000E+00    0.100000000000001E+01    0.100000000000003E+01
 297    0.385416666666667E+00    0.386067708333333E+00    0.100000000000001E+01    0.999999999999986E+00
 298    0.386718750000000E+00    0.387369791666667E+00    0.999999999999986E+00    0.999999999999986E+00
 299    0.388020833333333E+00    0.388671875000000E+00    0.100000000000001E+01    0.100000000000003E+01
 300    0.389322916666667E+00    0.389973958333333E+00    0.100000000000001E+01    0.999999999999986E+00
 301    0.390625000000000E+00    0.391276041666667E+00    0.999999999999986E+00    0.999999999999986E+00
 302    0.391927083333333E+00    0.392578125000000E+00    0.100000000000001E+01    0.100000000000003E+01
 303    0.393229166666667E+00    0.393880208333333E+00    0.100000000000001E+01    0.999999999999986E+00
 304    0.394531250000000E+00    0.395182291666667E+00    0.999999999999986E+00    0.999999999999986E+00
 305    0.395833333333333E+00    0.396484375000000E+00    0.100000000000001E+01    0.100000000000003E+01
 306    0.397135416666667E+00    0.397786458333333E+00    0.100000000000001E+01    0.999999999999986E+00
 307    0.398437500000000E+00    0.399088541666667E+00    0.999999999999986E+00    0.999999999999986E+00
 308    0.399739583333333E+00    0.400390625000000E+00    0.100000000000001E+01    0.100000000000003E+01
 309    0.401041666666667E+00    0.401692708333333E+00    0.100000000000001E+01    0.999999999999986E+00
 310    0.402343750000000E+00    0.402994791666667E+00    0.999999999999986E+00    0.999999999999986E+00
 311    0.403645833333333E+00    0.404296875000000E+00    0.100000000000001E+01    0.100000000000003E+01
 312    0.404947916666667E+00    0.405598958333333E+00    0.100000000000001E+01    0.999999999999986E+00
 313    0.406250000000000E+00    0.406901041666667E+00    0.999999999999986E+00    0.999999999999986E+00
 314    0.407552083333333E+00    0.408203125000000E+00    0.100000000000001E+01    0.100000000000003E+01
 315    0.408854166666667E+00    0.409505208333333E+00    0.100000000000001E+01    0.999999999999986E+00
 316    0.410156250000000E+00    0.410807291666667E+00    0.999999999999986E+00    0.999999999999986E+00
 317    0.411458333333333E+00    0.412109375000000E+00    0.100000000000001E+01    0.100000000000003E+01
 318    0.412760416666667E+00    0.413411458333333E+00    0.100000000000001E+01    0.999999999999986E+00
 319    0.414062500000000E+00    0.414713541666667E+00    0.999999999999986E+00    0.999999999999986E+00
 320    0.415364583333333E+00    0.416015625000000E+00    0.100000000000001E+01    0.100000000000003E+01
 321    0.416666666666667E+00    0.417317708333333E+00    0.100000000000001E+01    0.999999999999986E+00
 322    0.417968750000000E+00    0.418619791666667E+00    0.999999999999986E+00    0.999999999999986E+00
 323    0.419270833333333E+00    0.419921875000000E+00    0.100000000000001E+01    0.100000000000003E+01
 324    0.420572916666667E+00    0.421223958333333E+00    0.100000000000001E+01    0.999999999999986E+00
 325    0.421875000000000E+00    0.422526041666667E+00    0.999999999999986E+00    0.999999999999986E+00
 326    0.423177083333333E+00    0.423828125000000E+00    0.100000000000001E+01    0.100000000000003E+01
 327    0.424479166666667E+00    0.425130208333333E+00    0.100000000000001E+01    0.999999999999986E+00
 328    0.425781250000000E+00    0.426432291666667E+00    0.999999999999986E+00    0.999999999999986E+00
 329    0.427083333333333E+00    0.427734375000000E+00    0.100000000000001E+01    0.100000000000003E+01
 330    0.428385416666667E+00    0.429036458333333E+00    0.100000000000001E+01    0.999999999999986E+00
 331    0.429687500000000E+00    0.430338541666667E+00    0.999999999999986E+00    0.999999999999986E+00
 332    0.430989583333333E+00    0.431640625000000E+00    0.100000000000001E+01    0.100000000000003E+01
 333    0.432291666666667E+00    0.432942708333333E+00    0.100000000000001E+01    0.999999999999986E+00
 334    0.433593750000000E+00    0.434244791666667E+00    0.999999999999986E+00    0.999999999999986E+00
 335    0.434895833333333E+00    0.435546875000000E+00    0.100000000000001E+01    0.100000000000003E+01
 336    0.436197916666667E+00    0.436848958333333E+00    0.100000000000001E+01    0.999999999999986E+00
 337    0.437500000000000E+00    0.438151041666667E+00    0.999999999999986E+00    0.999999999999986E+00
 338    0.438802083333333E+00    0.439453125000000E+00    0.100000000000001E+01    0.100000000000003E+01
 339    0.440104166666667E+00    0.440755208333333E+00    0.100000000000001E+01    0.999999999999986E+00
 340    0.441406250000000E+00    0.442057291666667E+00    0.999999999999986E+00    0.999999999999986E+00
 341    0.442708333333333E+00    0.443359375000000E+00    0.100000000000001E+01    0.100000000000003E+01
 342    0.444010416666667E+00    0.444661458333333E+00    0.100000000000001E+01    0.999999999999986E+00
 343    0.445312500000000E+00    0.445963541666667E+00    0.999999999999986E+00    0.999999999999986E+00
 344    0.446614583333333E+00    0.447265625000000E+00    0.100000000000001E+01    0.100000000000003E+01
 345    0.447916666666667E+00    0.448567708333333E+00    0.100000000000001E+01    0.999999999999986E+00
 346    0.449218750000000E+00    0.449869791666667E+00    0.999999999999986E+00    0.999999999999986E+00
 347    0.450520833333333E+00    0.451171875000000E+00    0.100000000000001E+01    0.100000000000003E+01
 348    0.451822916666667E+00    0.452473958333333E+00    0.100000000000001E+01    0.999999999999986E+00
 349    0.453125000000000E+00    0.453776041666667E+00    0.999999999999986E+00    0.999999999999986E+00
 350    0.454427083333333E+00    0.455078125000000E+00    0.100000000000001E+01    0.100000000000003E+01
 351    0.455729166666667E+00    0.456380208333333E+00    0.100000000000001E+01    0.999999999999986E+00
 352    0.457031250000000E+00    0.457682291666667E+00    0.999999999999986E+00    0.999999999999986E+00
 353    0.458333333333333E+00    0.458984375000000E+00    0.100000000000001E+01    0.100000000000003E+01
 354    0.459635416666667E+00    0.460286458333333E+00    0.100000000000001E+01    0.999999999999986E+00
 355    0.460937500000000E+00    0.461588541666667E+00    0.999999999999986E+00    0.999999999999986E+00
 356    0.462239583333333E+00    0.462890625000000E+00    0.100000000000001E+01    0.100000000000003E+01
 357    0.463541666666667E+00    0.464192708333333E+00    0.100000000000001E+01    0.999999999999986E+00
 358    0.464843750000000E+00    0.465494791666667E+00    0.999999999999986E+00    0.999999999999986E+00
 359    0.466145833333333E+00    0.466796875000000E+00    0.100000000000001E+01    0.100000000000003E+01
 360    0.467447916666667E+00    0.468098958333333E+00    0.100000000000001E+01    0.999999999999986E+00
 361    0.468750000000000E+00    0.469401041666667E+00    0.999999999999986E+00    0.999999999999986E+00
 362    0.470052083333333E+00    0.470703125000000E+00    0.100000000000001E+01    0.100000000000003E+01
 363    0.471354166666667E+00    0.472005208333333E+00    0.100000000000001E+01    0.999999999999986E+00
 364    0.472656250000000E+00    0.473307291666667E+00    0.999999999999986E+00    0.999999999999986E+00
 365    0.473958333333333E+00    0.474609375000000E+00    0.100000000000001E+01    0.100000000000003E+01
 366    0.475260416666667E+00    0.475911458333333E+00    0.100000000000001E+01    0.999999999999986E+00
 367    0.476562500000000E+00    0.477213541666667E+00    0.999999999999986E+00    0.999999999999986E+00
 368    0.477864583333333E+00    0.478515625000000E+00    0.100000000000001E+01    0.100000000000003E+01
 369    0.479166666666667E+00    0.479817708333333E+00    0.100000000000001E+01    0.999999999999986E+00
 370    0.480468750000000E+00    0.481119791666667E+00    0.999999999999986E+00    0.999999999999986E+00
 371    0.481770833333333E+00    0.482421875000000E+00    0.100000000000001E+01    0.100000000000003E+01
 372    0.483072916666667E+00    0.483723958333333E+00    0.100000000000001E+01    0.999999999999986E+00
 373    0.484375000000000E+00    0.485026041666667E+00    0.999999999999986E+00    0.999999999999986E+00
 374    0.485677083333333E+00    0.486328125000000E+00    0.100000000000001E+01    0.100000000000003E+01
 375    0.486979166666667E+00    0.487630208333333E+00    0.100000000000001E+01    0.999999999999986E+00
 376    0.488281250000000E+00    0.488932291666667E+00    0.999999999999986E+00    0.999999999999986E+00
 377    0.489583333333333E+00    0.490234375000000E+00    0.100000000000001E+01    0.100000000000003E+01
 378    0.490885416666667E+00    0.491536458333333E+00    0.100000000000001E+01    0.999999999999986E+00
 379    0.492187500000000E+00    0.492838541666667E+00    0.999999999999986E+00    0.999999999999986E+00
 380    0.493489583333333E+00    0.494140625000000E+00    0.100000000000001E+01    0.100000000000003E+01
 381    0.494791666666667E+00    0.495442708333333E+00    0.100000000000001E+01    0.999999999999986E+00
 382    0.496093750000000E+00    0.496744791666667E+00    0.999999999999986E+00    0.999999999999986E+00
 383    0.497395833333333E+00    0.498046875000000E+00    0.100000000000001E+01    0.100000000000003E+01
 384    0.498697916666667E+00    0.499348958333333E+00    0.100000000000001E+01    0.100000000000003E+01
 385    0.500000000000000E+00    0.500651041666667E+00    0.100000000000001E+01    0.999999999999986E+00
 386    0.501302083333333E+00    0.501953125000000E+00    0.999999999999986E+00    0.999999999999943E+00
 387    0.502604166666667E+00    0.503255208333333E+00    0.999999999999986E+00    0.100000000000003E+01
 388    0.503906250000000E+00    0.504557291666667E+00    0.100000000000003E+01    0.100000000000003E+01
 389    0.505208333333333E+00    0.505859375000000E+00    0.999999999999986E+00    0.999999999999943E+00
 390    0.506510416666667E+00    0.507161458333333E+00    0.999999999999986E+00    0.100000000000003E+01
 391    0.507812500000000E+00    0.508463541666667E+00    0.100000000000003E+01    0.100000000000003E+01
 392    0.509114583333333E+00    0.509765625000000E+00    0.999999999999986E+00    0.999999999999943E+00
 393    0.510416666666667E+00    0.511067708333333E+00    0.999999999999986E+00    0.100000000000003E+01
 394    0.511718750000000E+00    0.512369791666667E+00    0.100000000000003E+01    0.100000000000003E+01
 395    0.513020833333333E+00    0.513671875000000E+00    0.999999999999986E+00    0.999999999999943E+00
 396    0.514322916666667E+00    0.514973958333333E+00    0.999999999999986E+00    0.100000000000003E+01
 397    0.515625000000000E+00    0.516276041666667E+00    0.100000000000003E+01    0.100000000000003E+01
 398    0.516927083333333E+00    0.517578125000000E+00    0.999999999999986E+00    0.999999999999943E+00
 399    0.518229166666667E+00    0.518880208333333E+00    0.999999999999986E+00    0.100000000000003E+01
 400    0.519531250000000E+00    0.520182291666667E+00    0.100000000000003E+01    0.100000000000003E+01
 401    0.520833333333333E+00    0.521484375000000E+00    0.999999999999986E+00    0.999999999999943E+00
 402    0.522135416666667E+00    0.522786458333333E+00    0.999999999999986E+00    0.100000000000003E+01
 403    0.523437500000000E+00    0.524088541666667E+00    0.100000000000003E+01    0.100000000000003E+01
 404    0.524739583333333E+00    0.525390625000000E+00    0.999999999999986E+00    0.999999999999943E+00
 405    0.526041666666667E+00    0.526692708333333E+00    0.999999999999986E+00    0.100000000000003E+01
 406    0.527343750000000E+00    0.527994791666667E+00    0.100000000000003E+01    0.100000000000003E+01
 407    0.528645833333333E+00    0.529296875000000E+00    0.999999999999986E+00    0.999999999999943E+00
 408    0.529947916666667E+00    0.530598958333333E+00    0.999999999999986E+00    0.100000000000003E+01
 409    0.531250000000000E+00    0.531901041666667E+00    0.100000000000003E+01    0.100000000000003E+01
 410    0.532552083333333E+00    0.533203125000000E+00    0.999999999999986E+00    0.999999999999943E+00
 411    0.533854166666667E+00    0.534505208333333E+00    0.999999999999986E+00    0.100000000000003E+01
 412    0.535156250000000E+00    0.535807291666667E+00    0.100000000000003E+01    0.100000000000003E+01
 413    0.536458333333333E+00    0.537109375000000E+00    0.999999999999986E+00    0.999999999999943E+00
 414    0.537760416666667E+00    0.538411458333333E+00    0.999999999999986E+00    0.100000000000003E+01
 415    0.539062500000000E+00    0.539713541666667E+00    0.100000000000003E+01    0.100000000000003E+01
 416    0.540364583333333E+00    0.541015625000000E+00    0.999999999999986E+00    0.999999999999943E+00
 417    0.541666666666667E+00    0.542317708333333E+00    0.999999999999986E+00    0.100000000000003E+01
 418    0.542968750000000E+00    0.543619791666667E+00    0.100000000000003E+01    0.100000000000003E+01
 419    0.544270833333333E+00    0.544921875000000E+00    0.999999999999986E+00    0.999999999999943E+00
 420    0.545572916666667E+00    0.546223958333333E+00    0.999999999999986E+00    0.100000000000003E+01
 421    0.546875000000000E+00    0.547526041666667E+00    0.100000000000003E+01    0.100000000000003E+01
 422    0.548177083333333E+00    0.548828125000000E+00    0.999999999999986E+00    0.999999999999943E+00
 423    0.549479166666667E+00    0.550130208333333E+00    0.999999999999986E+00    0.100000000000003E+01
 424    0.550781250000000E+00    0.551432291666667E+00    0.100000000000003E+01    0.100000000000003E+01
 425    0.552083333333333E+00    0.552734375000000E+00    0.999999999999986E+00    0.999999999999943E+00
 426    0.553385416666667E+00    0.554036458333333E+00    0.999999999999986E+00    0.100000000000003E+01
 427    0.554687500000000E+00    0.555338541666667E+00    0.100000000000003E+01    0.100000000000003E+01
 428    0.555989583333333E+00    0.556640625000000E+00    0.999999999999986E+00    0.999999999999943E+00
 429    0.557291666666667E+00    0.557942708333333E+00    0.999999999999986E+00    0.100000000000003E+01
 430    0.558593750000000E+00    0.559244791666667E+00    0.100000000000003E+01    0.100000000000003E+01
 431    0.559895833333333E+00    0.560546875000000E+00    0.999999999999986E+00    0.999999999999943E+00
 432    0.561197916666667E+00    0.561848958333333E+00    0.999999999999986E+00    0.100000000000003E+01
 433    0.562500000000000E+00    0.563151041666667E+00    0.100000000000003E+01    0.100000000000003E+01
 434    0.563802083333333E+00    0.564453125000000E+00    0.999999999999986E+00    0.999999999999943E+00
 435    0.565104166666667E+00    0.565755208333333E+00    0.999999999999986E+00    0.100000000000003E+01
 436    0.566406250000000E+00    0.567057291666667E+00    0.100000000000003E+01    0.100000000000003E+01
 437    0.567708333333333E+00    0.568359375000000E+00    0.999999999999986E+00    0.999999999999943E+00
 438    0.569010416666667E+00    0.569661458333333E+00    0.999999999999986E+00    0.100000000000003E+01
 439    0.570312500000000E+00    0.570963541666667E+00    0.100000000000003E+01    0.100000000000003E+01
 440    0.571614583333333E+00    0.572265625000000E+00    0.999999999999986E+00    0.999999999999943E+00
 441    0.572916666666667E+00    0.573567708333333E+00    0.999999999999986E+00    0.100000000000003E+01
 442    0.574218750000000E+00    0.574869791666667E+00    0.100000000000003E+01    0.100000000000003E+01
 443    0.575520833333333E+00    0.576171875000000E+00    0.999999999999986E+00    0.999999999999943E+00
 444    0.576822916666667E+00    0.577473958333333E+00    0.999999999999986E+00    0.100000000000003E+01
 445    0.578125000000000E+00    0.578776041666667E+00    0.100000000000003E+01    0.100000000000003E+01
 446    0.579427083333333E+00    0.580078125000000E+00    0.999999999999986E+00    0.999999999999943E+00
 447    0.580729166666667E+00    0.581380208333333E+00    0.999999999999986E+00    0.100000000000003E+01
 448    0.582031250000000E+00    0.582682291666667E+00    0.100000000000003E+01    0.100000000000003E+01
 449    0.583333333333333E+00    0.583984375000000E+00    0.999999999999986E+00    0.999999999999943E+00
 450    0.584635416666667E+00    0.585286458333333E+00    0.999999999999986E+00    0.100000000000003E+01
 451    0.585937500000000E+00    0.586588541666667E+00    0.100000000000003E+01    0.100000000000003E+01
 452    0.587239583333333E+00    0.587890625000000E+00    0.999999999999986E+00    0.999999999999943E+00
 453    0.588541666666667E+00    0.589192708333333E+00    0.999999999999986E+00    0.100000000000003E+01
 454    0.589843750000000E+00    0.590494791666667E+00    0.100000000000003E+01    0.100000000000003E+01
 455    0.591145833333333E+00    0.591796875000000E+00    0.999999999999986E+00    0.999999999999943E+00
 456    0.592447916666667E+00    0.593098958333333E+00    0.999999999999986E+00    0.100000000000003E+01
 457    0.593750000000000E+00    0.594401041666667E+00    0.100000000000003E+01    0.100000000000003E+01
 458    0.595052083333333E+00    0.595703125000000E+00    0.999999999999986E+00    0.999999999999943E+00
 459    0.596354166666667E+00    0.597005208333333E+00    0.999999999999986E+00    0.100000000000003E+01
 460    0.597656250000000E+00    0.598307291666667E+00    0.100000000000003E+01    0.100000000000003E+01
 461    0.598958333333333E+00    0.599609375000000E+00    0.999999999999986E+00    0.999999999999943E+00
 462    0.600260416666667E+00    0.600911458333333E+00    0.999999999999986E+00    0.100000000000003E+01
 463    0.601562500000000E+00    0.602213541666667E+00    0.100000000000003E+01    0.100000000000003E+01
 464    0.602864583333333E+00    0.603515625000000E+00    0.999999999999986E+00    0.999999999999943E+00
 465    0.604166666666667E+00    0.604817708333333E+00    0.999999999999986E+00    0.100000000000003E+01
 466    0.605468750000000E+00    0.606119791666667E+00    0.100000000000003E+01    0.100000000000003E+01
 467    0.606770833333333E+00    0.607421875000000E+00    0.999999999999986E+00    0.999999999999943E+00
 468    0.608072916666667E+00    0.608723958333333E+00    0.999999999999986E+00    0.100000000000003E+01
 469    0.609375000000000E+00    0.610026041666667E+00    0.100000000000003E+01    0.100000000000003E+01
 470    0.610677083333333E+00    0.611328125000000E+00    0.999999999999986E+00    0.999999999999943E+00
 471    0.611979166666667E+00    0.612630208333333E+00    0.999999999999986E+00    0.100000000000003E+01
 472    0.613281250000000E+00    0.613932291666667E+00    0.100000000000003E+01    0.100000000000003E+01
 473    0.614583333333333E+00    0.615234375000000E+00    0.999999999999986E+00    0.999999999999943E+00
 474    0.615885416666667E+00    0.616536458333333E+00    0.999999999999986E+00    0.100000000000003E+01
 475    0.617187500000000E+00    0.617838541666667E+00    0.100000000000003E+01    0.100000000000003E+01
 476    0.618489583333333E+00    0.619140625000000E+00    0.999999999999986E+00    0.999999999999943E+00
 477    0.619791666666667E+00    0.620442708333333E+00    0.999999999999986E+00    0.100000000000003E+01
 478    0.621093750000000E+00    0.621744791666667E+00    0.100000000000003E+01    0.100000000000003E+01
 479    0.622395833333333E+00    0.623046875000000E+00    0.999999999999986E+00    0.999999999999943E+00
 480    0.623697916666667E+00    0.624348958333333E+00    0.999999999999986E+00    0.100000000000003E+01
 481    0.625000000000000E+00    0.625651041666667E+00    0.100000000000003E+01    0.100000000000003E+01
 482    0.626302083333333E+00    0.626953125000000E+00    0.999999999999986E+00    0.999999999999943E+00
 483    0.627604166666667E+00    0.628255208333333E+00    0.999999999999986E+00    0.100000000000003E+01
 484    0.628906250000000E+00    0.629557291666667E+00    0.100000000000003E+01    0.100000000000003E+01
 485    0.630208333333333E+00    0.630859375000000E+00    0.999999999999986E+00    0.999999999999943E+00
 486    0.631510416666667E+00    0.632161458333333E+00    0.999999999999986E+00    0.100000000000003E+01
 487    0.632812500000000E+00    0.633463541666667E+00    0.100000000000003E+01    0.100000000000003E+01
 488    0.634114583333333E+00    0.634765625000000E+00    0.999999999999986E+00    0.999999999999943E+00
 489    0.635416666666667E+00    0.636067708333333E+00    0.999999999999986E+00    0.100000000000003E+01
 490    0.636718750000000E+00    0.637369791666667E+00    0.100000000000003E+01    0.100000000000003E+01
 491    0.638020833333333E+00    0.638671875000000E+00    0.999999999999986E+00    0.999999999999943E+00
 492    0.639322916666667E+00    0.639973958333333E+00    0.999999999999986E+00    0.100000000000003E+01
 493    0.640625000000000E+00    0.641276041666667E+00    0.100000000000003E+01    0.100000000000003E+01
 494    0.641927083333333E+00    0.642578125000000E+00    0.999999999999986E+00    0.999999999999943E+00
 495    0.643229166666667E+00    0.643880208333333E+00    0.999999999999986E+00    0.100000000000003E+01
 496    0.644531250000000E+00    0.645182291666667E+00    0.100000000000003E+01    0.100000000000003E+01
 497    0.645833333333333E+00    0.646484375000000E+00    0.999999999999986E+00    0.999999999999943E+00
 498    0.647135416666667E+00    0.647786458333333E+00    0.999999999999986E+00    0.100000000000003E+01
 499    0.648437500000000E+00    0.649088541666667E+00    0.100000000000003E+01    0.100000000000003E+01
 500    0.649739583333333E+00    0.650390625000000E+00    0.999999999999986E+00    0.999999999999943E+00
 501    0.651041666666667E+00    0.651692708333333E+00    0.999999999999986E+00    0.100000000000003E+01
 502    0.652343750000000E+00    0.652994791666667E+00    0.100000000000003E+01    0.100000000000003E+01
 503    0.653645833333333E+00    0.654296875000000E+00    0.999999999999986E+00    0.999999999999943E+00
 504    0.654947916666667E+00    0.655598958333333E+00    0.999999999999986E+00    0.100000000000003E+01
 505    0.656250000000000E+00    0.656901041666667E+00    0.100000000000003E+01    0.100000000000003E+01
 506    0.657552083333333E+00    0.658203125000000E+00    0.999999999999986E+00    0.999999999999943E+00
 507    0.658854166666667E+00    0.659505208333333E+00    0.999999999999986E+00    0.100000000000003E+01
 508    0.660156250000000E+00    0.660807291666667E+00    0.100000000000003E+01    0.100000000000003E+01
 509    0.661458333333333E+00    0.662109375000000E+00    0.999999999999986E+00    0.999999999999943E+00
 510    0.662760416666667E+00    0.663411458333333E+00    0.999999999999986E+00    0.100000000000003E+01
 511    0.664062500000000E+00    0.664713541666667E+00    0.100000000000003E+01    0.100000000000003E+01
 512    0.665364583333333E+00    0.666015625000000E+00    0.999999999999986E+00    0.999999999999943E+00
 513    0.666666666666667E+00    0.667317708333333E+00    0.999999999999986E+00    0.100000000000003E+01
 514    0.667968750000000E+00    0.668619791666667E+00    0.100000000000003E+01    0.100000000000003E+01
 515    0.669270833333333E+00    0.669921875000000E+00    0.999999999999986E+00    0.999999999999943E+00
 516    0.670572916666667E+00    0.671223958333333E+00    0.999999999999986E+00    0.100000000000003E+01
 517    0.671875000000000E+00    0.672526041666667E+00    0.100000000000003E+01    0.100000000000003E+01
 518    0.673177083333333E+00    0.673828125000000E+00    0.999999999999986E+00    0.999999999999943E+00
 519    0.674479166666667E+00    0.675130208333333E+00    0.999999999999986E+00    0.100000000000003E+01
 520    0.675781250000000E+00    0.676432291666667E+00    0.100000000000003E+01    0.100000000000003E+01
 521    0.677083333333333E+00    0.677734375000000E+00    0.999999999999986E+00    0.999999999999943E+00
 522    0.678385416666667E+00    0.679036458333333E+00    0.999999999999986E+00    0.100000000000003E+01
 523    0.679687500000000E+00    0.680338541666667E+00    0.100000000000003E+01    0.100000000000003E+01
 524    0.680989583333333E+00    0.681640625000000E+00    0.999999999999986E+00    0.999999999999943E+00
 525    0.682291666666667E+00    0.682942708333333E+00    0.999999999999986E+00    0.100000000000003E+01
 526    0.683593750000000E+00    0.684244791666667E+00    0.100000000000003E+01    0.100000000000003E+01
 527    0.684895833333333E+00    0.685546875000000E+00    0.999999999999986E+00    0.999999999999943E+00
 528    0.686197916666667E+00    0.686848958333333E+00    0.999999999999986E+00    0.100000000000003E+01
 529    0.687500000000000E+00    0.688151041666667E+00    0.100000000000003E+01    0.100000000000003E+01
 530    0.688802083333333E+00    0.689453125000000E+00    0.999999999999986E+00    0.999999999999943E+00
 531    0.690104166666667E+00    0.690755208333333E+00    0.999999999999986E+00    0.100000000000003E+01
 532    0.691406250000000E+00    0.692057291666667E+00    0.100000000000003E+01    0.100000000000003E+01
 533    0.692708333333333E+00    0.693359375000000E+00    0.999999999999986E+00    0.999999999999943E+00
 534    0.694010416666667E+00    0.694661458333333E+00    0.999999999999986E+00    0.100000000000003E+01
 535    0.695312500000000E+00    0.695963541666667E+00    0.100000000000003E+01    0.100000000000003E+01
 536    0.696614583333333E+00    0.697265625000000E+00    0.999999999999986E+00    0.999999999999943E+00
 537    0.697916666666667E+00    0.698567708333333E+00    0.999999999999986E+00    0.100000000000003E+01
 538    0.699218750000000E+00    0.699869791666667E+00    0.100000000000003E+01    0.100000000000003E+01
 539    0.700520833333333E+00    0.701171875000000E+00    0.999999999999986E+00    0.999999999999943E+00
 540    0.701822916666667E+00    0.702473958333333E+00    0.999999999999986E+00    0.100000000000003E+01
 541    0.703125000000000E+00    0.703776041666667E+00    0.100000000000003E+01    0.100000000000003E+01
 542    0.704427083333333E+00    0.705078125000000E+00    0.999999999999986E+00    0.999999999999943E+00
 543    0.705729166666667E+00    0.706380208333333E+00    0.999999999999986E+00    0.100000000000003E+01
 544    0.707031250000000E+00    0.707682291666667E+00    0.100000000000003E+01    0.100000000000003E+01
 545    0.708333333333333E+00    0.708984375000000E+00    0.999999999999986E+00    0.999999999999943E+00
 546    0.709635416666667E+00    0.710286458333333E+00    0.999999999999986E+00    0.100000000000003E+01
 547    0.710937500000000E+00    0.711588541666667E+00    0.100000000000003E+01    0.100000000000003E+01
 548    0.712239583333333E+00    0.712890625000000E+00    0.999999999999986E+00    0.999999999999943E+00
 549    0.713541666666667E+00    0.714192708333333E+00    0.999999999999986E+00    0.100000000000003E+01
 550    0.714843750000000E+00    0.715494791666667E+00    0.100000000000003E+01    0.100000000000003E+01
 551    0.716145833333333E+00    0.716796875000000E+00    0.999999999999986E+00    0.999999999999943E+00
 552    0.717447916666667E+00    0.718098958333333E+00    0.999999999999986E+00    0.100000000000003E+01
 553    0.718750000000000E+00    0.719401041666667E+00    0.100000000000003E+01    0.100000000000003E+01
 554    0.720052083333333E+00    0.720703125000000E+00    0.999999999999986E+00    0.999999999999943E+00
 555    0.721354166666667E+00    0.722005208333333E+00    0.999999999999986E+00    0.100000000000003E+01
 556    0.722656250000000E+00    0.723307291666667E+00    0.100000000000003E+01    0.100000000000003E+01
 557    0.723958333333333E+00    0.724609375000000E+00    0.999999999999986E+00    0.999999999999943E+00
 558    0.725260416666667E+00    0.725911458333333E+00    0.999999999999986E+00    0.100000000000003E+01
 559    0.726562500000000E+00    0.727213541666667E+00    0.100000000000003E+01    0.100000000000003E+01
 560    0.727864583333333E+00    0.728515625000000E+00    0.999999999999986E+00    0.999999999999943E+00
 561    0.729166666666667E+00    0.729817708333333E+00    0.999999999999986E+00    0.100000000000003E+01
 562    0.730468750000000E+00    0.731119791666667E+00    0.100000000000003E+01    0.100000000000003E+01
 563    0.731770833333333E+00    0.732421875000000E+00    0.999999999999986E+00    0.999999999999943E+00
 564    0.733072916666667E+00    0.733723958333333E+00    0.999999999999986E+00    0.100000000000003E+01
 565    0.734375000000000E+00    0.735026041666667E+00    0.100000000000003E+01    0.100000000000003E+01
 566    0.735677083333333E+00    0.736328125000000E+00    0.999999999999986E+00    0.999999999999943E+00
 567    0.736979166666667E+00    0.737630208333333E+00    0.999999999999986E+00    0.100000000000003E+01
 568    0.738281250000000E+00    0.738932291666667E+00    0.100000000000003E+01    0.100000000000003E+01
 569    0.739583333333333E+00    0.740234375000000E+00    0.999999999999986E+00    0.999999999999943E+00
 570    0.740885416666667E+00    0.741536458333333E+00    0.999999999999986E+00    0.100000000000003E+01
 571    0.742187500000000E+00    0.742838541666667E+00    0.100000000000003E+01    0.100000000000003E+01
 572    0.743489583333333E+00    0.744140625000000E+00    0.999999999999986E+00    0.999999999999943E+00
 573    0.744791666666667E+00    0.745442708333333E+00    0.999999999999986E+00    0.100000000000003E+01
 574    0.746093750000000E+00    0.746744791666667E+00    0.100000000000003E+01    0.100000000000003E+01
 575    0.747395833333333E+00    0.748046875000000E+00    0.999999999999986E+00    0.999999999999943E+00
 576    0.748697916666667E+00    0.749348958333333E+00    0.999999999999986E+00    0.100000000000003E+01
 577    0.750000000000000E+00    0.750651041666667E+00    0.100000000000003E+01    0.100000000000003E+01
 578    0.751302083333333E+00    0.751953125000000E+00    0.999999999999986E+00    0.999999999999943E+00
 579    0.752604166666667E+00    0.753255208333333E+00    0.999999999999986E+00    0.100000000000003E+01
 580    0.753906250000000E+00    0.754557291666667E+00    0.100000000000003E+01    0.100000000000003E+01
 581    0.755208333333333E+00    0.755859375000000E+00    0.999999999999986E+00    0.999999999999943E+00
 582    0.756510416666667E+00    0.757161458333333E+00    0.999999999999986E+00    0.100000000000003E+01
 583    0.757812500000000E+00    0.758463541666667E+00    0.100000000000003E+01    0.100000000000003E+01
 584    0.759114583333333E+00    0.759765625000000E+00    0.999999999999986E+00    0.999999999999943E+00
 585    0.760416666666667E+00    0.761067708333333E+00    0.999999999999986E+00    0.100000000000003E+01
 586    0.761718750000000E+00    0.762369791666667E+00    0.100000000000003E+01    0.100000000000003E+01
 587    0.763020833333333E+00    0.763671875000000E+00    0.999999999999986E+00    0.999999999999943E+00
 588    0.764322916666667E+00    0.764973958333333E+00    0.999999999999986E+00    0.100000000000003E+01
 589    0.765625000000000E+00    0.766276041666667E+00    0.100000000000003E+01    0.100000000000003E+01
 590    0.766927083333333E+00    0.767578125000000E+00    0.999999999999986E+00    0.999999999999943E+00
 591    0.768229166666667E+00    0.768880208333333E+00    0.999999999999986E+00    0.100000000000003E+01
 592    0.769531250000000E+00    0.770182291666667E+00    0.100000000000003E+01    0.100000000000003E+01
 593    0.770833333333333E+00    0.771484375000000E+00    0.999999999999986E+00    0.999999999999943E+00
 594    0.772135416666667E+00    0.772786458333333E+00    0.999999999999986E+00    0.100000000000003E+01
 595    0.773437500000000E+00    0.774088541666667E+00    0.100000000000003E+01    0.100000000000003E+01
 596    0.774739583333333E+00    0.775390625000000E+00    0.999999999999986E+00    0.999999999999943E+00
 597    0.776041666666667E+00    0.776692708333333E+00    0.999999999999986E+00    0.100000000000003E+01
 598    0.777343750000000E+00    0.777994791666667E+00    0.100000000000003E+01    0.100000000000003E+01
 599    0.778645833333333E+00    0.779296875000000E+00    0.999999999999986E+00    0.999999999999943E+00
 600    0.779947916666667E+00    0.780598958333333E+00    0.999999999999986E+00    0.100000000000003E+01
 601    0.781250000000000E+00    0.781901041666667E+00    0.100000000000003E+01    0.100000000000003E+01
 602    0.782552083333333E+00    0.783203125000000E+00    0.999999999999986E+00    0.999999999999943E+00
 603    0.783854166666667E+00    0.784505208333333E+00    0.999999999999986E+00    0.100000000000003E+01
 604    0.785156250000000E+00    0.785807291666667E+00    0.100000000000003E+01    0.100000000000003E+01
 605    0.786458333333333E+00    0.787109375000000E+00    0.999999999999986E+00    0.999999999999943E+00
 606    0.787760416666667E+00    0.788411458333333E+00    0.999999999999986E+00    0.100000000000003E+01
 607    0.789062500000000E+00    0.789713541666667E+00    0.100000000000003E+01    0.100000000000003E+01
 608    0.790364583333333E+00    0.791015625000000E+00    0.999999999999986E+00    0.999999999999943E+00
 609    0.791666666666667E+00    0.792317708333333E+00    0.999999999999986E+00    0.100000000000003E+01
 610    0.792968750000000E+00    0.793619791666667E+00    0.100000000000003E+01    0.100000000000003E+01
 611    0.794270833333333E+00    0.794921875000000E+00    0.999999999999986E+00    0.999999999999943E+00
 612    0.795572916666667E+00    0.796223958333333E+00    0.999999999999986E+00    0.100000000000003E+01
 613    0.796875000000000E+00    0.797526041666667E+00    0.100000000000003E+01    0.100000000000003E+01
 614    0.798177083333333E+00    0.798828125000000E+00    0.999999999999986E+00    0.999999999999943E+00
 615    0.799479166666667E+00    0.800130208333333E+00    0.999999999999986E+00    0.100000000000003E+01
 616    0.800781250000000E+00    0.801432291666667E+00    0.100000000000003E+01    0.100000000000003E+01
 617    0.802083333333333E+00    0.802734375000000E+00    0.999999999999986E+00    0.999999999999943E+00
 618    0.803385416666667E+00    0.804036458333333E+00    0.999999999999986E+00    0.100000000000003E+01
 619    0.804687500000000E+00    0.805338541666667E+00    0.100000000000003E+01    0.100000000000003E+01
 620    0.805989583333333E+00    0.806640625000000E+00    0.999999999999986E+00    0.999999999999943E+00
 621    0.807291666666667E+00    0.807942708333333E+00    0.999999999999986E+00    0.100000000000003E+01
 622    0.808593750000000E+00    0.809244791666667E+00    0.100000000000003E+01    0.100000000000003E+01
 623    0.809895833333333E+00    0.810546875000000E+00    0.999999999999986E+00    0.999999999999943E+00
 624    0.811197916666667E+00    0.811848958333333E+00    0.999999999999986E+00    0.100000000000003E+01
 625    0.812500000000000E+00    0.813151041666667E+00    0.100000000000003E+01    0.100000000000003E+01
 626    0.813802083333333E+00    0.814453125000000E+00    0.999999999999986E+00    0.999999999999943E+00
 627    0.815104166666667E+00    0.815755208333333E+00    0.999999999999986E+00    0.100000000000003E+01
 628    0.816406250000000E+00    0.817057291666667E+00    0.100000000000003E+01    0.100000000000003E+01
 629    0.817708333333333E+00    0.818359375000000E+00    0.999999999999986E+00    0.999999999999943E+00
 630    0.819010416666667E+00    0.819661458333333E+00    0.999999999999986E+00    0.100000000000003E+01
 631    0.820312500000000E+00    0.820963541666667E+00    0.100000000000003E+01    0.100000000000003E+01
 632    0.821614583333333E+00    0.822265625000000E+00    0.999999999999986E+00    0.999999999999943E+00
 633    0.822916666666667E+00    0.823567708333333E+00    0.999999999999986E+00    0.100000000000003E+01
 634    0.824218750000000E+00    0.824869791666667E+00    0.100000000000003E+01    0.100000000000003E+01
 635    0.825520833333333E+00    0.826171875000000E+00    0.999999999999986E+00    0.999999999999943E+00
 636    0.826822916666667E+00    0.827473958333333E+00    0.999999999999986E+00    0.100000000000003E+01
 637    0.828125000000000E+00    0.828776041666667E+00    0.100000000000003E+01    0.100000000000003E+01
 638    0.829427083333333E+00    0.830078125000000E+00    0.999999999999986E+00    0.999999999999943E+00
 639    0.830729166666667E+00    0.831380208333333E+00    0.999999999999986E+00    0.100000000000003E+01
 640    0.832031250000000E+00    0.832682291666667E+00    0.100000000000003E+01    0.100000000000003E+01
 641    0.833333333333333E+00    0.833984375000000E+00    0.999999999999986E+00    0.999999999999943E+00
 642    0.834635416666667E+00    0.835286458333333E+00    0.999999999999986E+00    0.100000000000003E+01
 643    0.835937500000000E+00    0.836588541666667E+00    0.100000000000003E+01    0.100000000000003E+01
 644    0.837239583333333E+00    0.837890625000000E+00    0.999999999999986E+00    0.999999999999943E+00
 645    0.838541666666667E+00    0.839192708333333E+00    0.999999999999986E+00    0.100000000000003E+01
 646    0.839843750000000E+00    0.840494791666667E+00    0.100000000000003E+01    0.100000000000003E+01
 647    0.841145833333333E+00    0.841796875000000E+00    0.999999999999986E+00    0.999999999999943E+00
 648    0.842447916666667E+00    0.843098958333333E+00    0.999999999999986E+00    0.100000000000003E+01
 649    0.843750000000000E+00    0.844401041666667E+00    0.100000000000003E+01    0.100000000000003E+01
 650    0.845052083333333E+00    0.845703125000000E+00    0.999999999999986E+00    0.999999999999943E+00
 651    0.846354166666667E+00    0.847005208333333E+00    0.999999999999986E+00    0.100000000000003E+01
 652    0.847656250000000E+00    0.848307291666667E+00    0.100000000000003E+01    0.100000000000003E+01
 653    0.848958333333333E+00    0.849609375000000E+00    0.999999999999986E+00    0.999999999999943E+00
 654    0.850260416666667E+00    0.850911458333333E+00    0.999999999999986E+00    0.100000000000003E+01
 655    0.851562500000000E+00    0.852213541666667E+00    0.100000000000003E+01    0.100000000000003E+01
 656    0.852864583333333E+00    0.853515625000000E+00    0.999999999999986E+00    0.999999999999943E+00
 657    0.854166666666667E+00    0.854817708333333E+00    0.999999999999986E+00    0.100000000000003E+01
 658    0.855468750000000E+00    0.856119791666667E+00    0.100000000000003E+01    0.100000000000003E+01
 659    0.856770833333333E+00    0.857421875000000E+00    0.999999999999986E+00    0.999999999999943E+00
 660    0.858072916666667E+00    0.858723958333333E+00    0.999999999999986E+00    0.100000000000003E+01
 661    0.859375000000000E+00    0.860026041666667E+00    0.100000000000003E+01    0.100000000000003E+01
 662    0.860677083333333E+00    0.861328125000000E+00    0.999999999999986E+00    0.999999999999943E+00
 663    0.861979166666667E+00    0.862630208333333E+00    0.999999999999986E+00    0.100000000000003E+01
 664    0.863281250000000E+00    0.863932291666667E+00    0.100000000000003E+01    0.100000000000003E+01
 665    0.864583333333333E+00    0.865234375000000E+00    0.999999999999986E+00    0.999999999999943E+00
 666    0.865885416666667E+00    0.866536458333333E+00    0.999999999999986E+00    0.100000000000003E+01
 667    0.867187500000000E+00    0.867838541666667E+00    0.100000000000003E+01    0.100000000000003E+01
 668    0.868489583333333E+00    0.869140625000000E+00    0.999999999999986E+00    0.999999999999943E+00
 669    0.869791666666667E+00    0.870442708333333E+00    0.999999999999986E+00    0.100000000000003E+01
 670    0.871093750000000E+00    0.871744791666667E+00    0.100000000000003E+01    0.100000000000003E+01
 671    0.872395833333333E+00    0.873046875000000E+00    0.999999999999986E+00    0.999999999999943E+00
 672    0.873697916666667E+00    0.874348958333333E+00    0.999999999999986E+00    0.100000000000003E+01
 673    0.875000000000000E+00    0.875651041666667E+00    0.100000000000003E+01    0.100000000000003E+01
 674    0.876302083333333E+00    0.876953125000000E+00    0.999999999999986E+00    0.999999999999943E+00
 675    0.877604166666667E+00    0.878255208333333E+00    0.999999999999986E+00    0.100000000000003E+01
 676    0.878906250000000E+00    0.879557291666667E+00    0.100000000000003E+01    0.100000000000003E+01
 677    0.880208333333333E+00    0.880859375000000E+00    0.999999999999986E+00    0.999999999999943E+00
 678    0.881510416666667E+00    0.882161458333333E+00    0.999999999999986E+00    0.100000000000003E+01
 679    0.882812500000000E+00    0.883463541666667E+00    0.100000000000003E+01    0.100000000000003E+01
 680    0.884114583333333E+00    0.884765625000000E+00    0.999999999999986E+00    0.999999999999943E+00
 681    0.885416666666667E+00    0.886067708333333E+00    0.999999999999986E+00    0.100000000000003E+01
 682    0.886718750000000E+00    0.887369791666667E+00    0.100000000000003E+01    0.100000000000003E+01
 683    0.888020833333333E+00    0.888671875000000E+00    0.999999999999986E+00    0.999999999999943E+00
 684    0.889322916666667E+00    0.889973958333333E+00    0.999999999999986E+00    0.100000000000003E+01
 685    0.890625000000000E+00    0.891276041666667E+00    0.100000000000003E+01    0.100000000000003E+01
 686    0.891927083333333E+00    0.892578125000000E+00    0.999999999999986E+00    0.999999999999943E+00
 687    0.893229166666667E+00    0.893880208333333E+00    0.999999999999986E+00    0.100000000000003E+01
 688    0.894531250000000E+00    0.895182291666667E+00    0.100000000000003E+01    0.100000000000003E+01
 689    0.895833333333333E+00    0.896484375000000E+00    0.999999999999986E+00    0.999999999999943E+00
 690    0.897135416666667E+00    0.897786458333333E+00    0.999999999999986E+00    0.100000000000003E+01
 691    0.898437500000000E+00    0.899088541666667E+00    0.100000000000003E+01    0.100000000000003E+01
 692    0.899739583333333E+00    0.900390625000000E+00    0.999999999999986E+00    0.999999999999943E+00
 693    0.901041666666667E+00    0.901692708333333E+00    0.999999999999986E+00    0.100000000000003E+01
 694    0.902343750000000E+00    0.902994791666667E+00    0.100000000000003E+01    0.100000000000003E+01
 695    0.903645833333333E+00    0.904296875000000E+00    0.999999999999986E+00    0.999999999999943E+00
 696    0.904947916666667E+00    0.905598958333333E+00    0.999999999999986E+00    0.100000000000003E+01
 697    0.906250000000000E+00    0.906901041666667E+00    0.100000000000003E+01    0.100000000000003E+01
 698    0.907552083333333E+00    0.908203125000000E+00    0.999999999999986E+00    0.999999999999943E+00
 699    0.908854166666667E+00    0.909505208333333E+00    0.999999999999986E+00    0.100000000000003E+01
 700    0.910156250000000E+00    0.910807291666667E+00    0.100000000000003E+01    0.100000000000003E+01
 701    0.911458333333333E+00    0.912109375000000E+00    0.999999999999986E+00    0.999999999999943E+00
 702    0.912760416666667E+00    0.913411458333333E+00    0.999999999999986E+00    0.100000000000003E+01
 703    0.914062500000000E+00    0.914713541666667E+00    0.100000000000003E+01    0.100000000000003E+01
 704    0.915364583333333E+00    0.916015625000000E+00    0.999999999999986E+00    0.999999999999943E+00
 705    0.916666666666667E+00    0.917317708333333E+00    0.999999999999986E+00    0.100000000000003E+01
 706    0.917968750000000E+00    0.918619791666667E+00    0.100000000000003E+01    0.100000000000003E+01
 707    0.919270833333333E+00    0.919921875000000E+00    0.999999999999986E+00    0.999999999999943E+00
 708    0.920572916666667E+00    0.921223958333333E+00    0.999999999999986E+00    0.100000000000003E+01
 709    0.921875000000000E+00    0.922526041666667E+00    0.100000000000003E+01    0.100000000000003E+01
 710    0.923177083333333E+00    0.923828125000000E+00    0.999999999999986E+00    0.999999999999943E+00
 711    0.924479166666667E+00    0.925130208333333E+00    0.999999999999986E+00    0.100000000000003E+01
 712    0.925781250000000E+00    0.926432291666667E+00    0.100000000000003E+01    0.100000000000003E+01
 713    0.927083333333333E+00    0.927734375000000E+00    0.999999999999986E+00    0.999999999999943E+00
 714    0.928385416666667E+00    0.929036458333333E+00    0.999999999999986E+00    0.100000000000003E+01
 715    0.929687500000000E+00    0.930338541666667E+00    0.100000000000003E+01    0.100000000000003E+01
 716    0.930989583333333E+00    0.931640625000000E+00    0.999999999999986E+00    0.999999999999943E+00
 717    0.932291666666667E+00    0.932942708333333E+00    0.999999999999986E+00    0.100000000000003E+01
 718    0.933593750000000E+00    0.934244791666667E+00    0.100000000000003E+01    0.100000000000003E+01
 719    0.934895833333333E+00    0.935546875000000E+00    0.999999999999986E+00    0.999999999999943E+00
 720    0.936197916666667E+00    0.936848958333333E+00    0.999999999999986E+00    0.100000000000003E+01
 721    0.937500000000000E+00    0.938151041666667E+00    0.100000000000003E+01    0.100000000000003E+01
 722    0.938802083333333E+00    0.939453125000000E+00    0.999999999999986E+00    0.999999999999943E+00
 723    0.940104166666667E+00    0.940755208333333E+00    0.999999999999986E+00    0.100000000000003E+01
 724    0.941406250000000E+00    0.942057291666667E+00    0.100000000000003E+01    0.100000000000003E+01
 725    0.942708333333333E+00    0.943359375000000E+00    0.999999999999986E+00    0.999999999999943E+00
 726    0.944010416666667E+00    0.944661458333333E+00    0.999999999999986E+00    0.100000000000003E+01
 727    0.945312500000000E+00    0.945963541666667E+00    0.100000000000003E+01    0.100000000000003E+01
 728    0.946614583333333E+00    0.947265625000000E+00    0.999999999999986E+00    0.999999999999943E+00
 729    0.947916666666667E+00    0.948567708333333E+00    0.999999999999986E+00    0.100000000000003E+01
 730    0.949218750000000E+00    0.949869791666667E+00    0.100000000000003E+01    0.100000000000003E+01
 731    0.950520833333333E+00    0.951171875000000E+00    0.999999999999986E+00    0.999999999999943E+00
 732    0.951822916666667E+00    0.952473958333333E+00    0.999999999999986E+00    0.100000000000003E+01
 733    0.953125000000000E+00    0.953776041666667E+00    0.100000000000003E+01    0.100000000000003E+01
 734    0.954427083333333E+00    0.955078125000000E+00    0.999999999999986E+00    0.999999999999943E+00
 735    0.955729166666667E+00    0.956380208333333E+00    0.999999999999986E+00    0.100000000000003E+01
 736    0.957031250000000E+00    0.957682291666667E+00    0.100000000000003E+01    0.100000000000003E+01
 737    0.958333333333333E+00    0.958984375000000E+00    0.999999999999986E+00    0.999999999999943E+00
 738    0.959635416666667E+00    0.960286458333333E+00    0.999999999999986E+00    0.100000000000003E+01
 739    0.960937500000000E+00    0.961588541666667E+00    0.100000000000003E+01    0.100000000000003E+01
 740    0.962239583333333E+00    0.962890625000000E+00    0.999999999999986E+00    0.999999999999943E+00
 741    0.963541666666667E+00    0.964192708333333E+00    0.999999999999986E+00    0.100000000000003E+01
 742    0.964843750000000E+00    0.965494791666667E+00    0.100000000000003E+01    0.100000000000003E+01
 743    0.966145833333333E+00    0.966796875000000E+00    0.999999999999986E+00    0.999999999999943E+00
 744    0.967447916666667E+00    0.968098958333333E+00    0.999999999999986E+00    0.100000000000003E+01
 745    0.968750000000000E+00    0.969401041666667E+00    0.100000000000003E+01    0.100000000000003E+01
 746    0.970052083333333E+00    0.970703125000000E+00    0.999999999999986E+00    0.999999999999943E+00
 747    0.971354166666667E+00    0.972005208333333E+00    0.999999999999986E+00    0.100000000000003E+01
 748    0.972656250000000E+00    0.973307291666667E+00    0.100000000000003E+01    0.100000000000003E+01
 749    0.973958333333333E+00    0.974609375000000E+00    0.999999999999986E+00    0.999999999999943E+00
 750    0.975260416666667E+00    0.975911458333333E+00    0.999999999999986E+00    0.100000000000003E+01
 751    0.976562500000000E+00    0.977213541666667E+00    0.100000000000003E+01    0.100000000000003E+01
 752    0.977864583333333E+00    0.978515625000000E+00    0.999999999999986E+00    0.999999999999943E+00
 753    0.979166666666667E+00    0.979817708333333E+00    0.999999999999986E+00    0.100000000000003E+01
 754    0.980468750000000E+00    0.981119791666667E+00    0.100000000000003E+01    0.100000000000003E+01
 755    0.981770833333333E+00    0.982421875000000E+00    0.999999999999986E+00    0.999999999999943E+00
 756    0.983072916666667E+00    0.983723958333333E+00    0.999999999999986E+00    0.100000000000003E+01
 757    0.984375000000000E+00    0.985026041666667E+00    0.100000000000003E+01    0.100000000000003E+01
 758    0.985677083333333E+00    0.986328125000000E+00    0.999999999999986E+00    0.999999999999943E+00
 759    0.986979166666667E+00    0.987630208333333E+00    0.999999999999986E+00    0.100000000000003E+01
 760    0.988281250000000E+00    0.988932291666667E+00    0.100000000000003E+01    0.100000000000003E+01
 761    0.989583333333333E+00    0.990234375000000E+00    0.999999999999986E+00    0.999999999999943E+00
 762    0.990885416666667E+00    0.991536458333333E+00    0.999999999999986E+00    0.100000000000003E+01
 763    0.992187500000000E+00    0.992838541666667E+00    0.100000000000003E+01    0.100000000000003E+01
 764    0.993489583333333E+00    0.994140625000000E+00    0.999999999999986E+00    0.999999999999943E+00
 765    0.994791666666667E+00    0.995442708333333E+00    0.999999999999986E+00    0.100000000000003E+01
 766    0.996093750000000E+00    0.996744791666667E+00    0.100000000000003E+01    0.100000000000003E+01
 767    0.997395833333333E+00    0.998046875000000E+00    0.999999999999986E+00    0.999999999999943E+00
 768    0.998697916666667E+00    0.999348958333333E+00    0.999999999999986E+00    0.100000000000003E+01
 769    0.100000000000000E+01    0.100065104166667E+01    0.100000000000003E+01    0.000000000000000E+00
