   1    0.000000000000000E+00    0.195312500000000E-02    0.100000000000000E+01    0.100000000000000E+01
   2    0.390625000000000E-02    0.585937500000000E-02    0.100000000000000E+01    0.100000000000000E+01
   3    0.781250000000000E-02    0.976562500000000E-02    0.100000000000000E+01    0.100000000000000E+01
   4    0.117187500000000E-01    0.136718750000000E-01    0.100000000000000E+01    0.100000000000000E+01
   5    0.156250000000000E-01    0.175781250000000E-01    0.100000000000000E+01    0.100000000000000E+01
   6    0.195312500000000E-01    0.214843750000000E-01    0.100000000000000E+01    0.100000000000000E+01
   7    0.234375000000000E-01    0.253906250000000E-01    0.100000000000000E+01    0.100000000000000E+01
   8    0.273437500000000E-01    0.292968750000000E-01    0.100000000000000E+01    0.100000000000000E+01
   9    0.312500000000000E-01    0.332031250000000E-01    0.100000000000000E+01    0.100000000000000E+01
  10    0.351562500000000E-01    0.371093750000000E-01    0.100000000000000E+01    0.100000000000000E+01
  11    0.390625000000000E-01    0.410156250000000E-01    0.100000000000000E+01    0.100000000000000E+01
  12    0.429687500000000E-01    0.449218750000000E-01    0.100000000000000E+01    0.100000000000000E+01
  13    0.468750000000000E-01    0.488281250000000E-01    0.100000000000000E+01    0.100000000000000E+01
  14    0.507812500000000E-01    0.527343750000000E-01    0.100000000000000E+01    0.100000000000000E+01
  15    0.546875000000000E-01    0.566406250000000E-01    0.100000000000000E+01    0.100000000000000E+01
  16    0.585937500000000E-01    0.605468750000000E-01    0.100000000000000E+01    0.100000000000000E+01
  17    0.625000000000000E-01    0.644531250000000E-01    0.100000000000000E+01    0.100000000000000E+01
  18    0.664062500000000E-01    0.683593750000000E-01    0.100000000000000E+01    0.100000000000000E+01
  19    0.703125000000000E-01    0.722656250000000E-01    0.100000000000000E+01    0.100000000000000E+01
  20    0.742187500000000E-01    0.761718750000000E-01    0.100000000000000E+01    0.100000000000000E+01
  21    0.781250000000000E-01    0.800781250000000E-01    0.100000000000000E+01    0.100000000000000E+01
  22    0.820312500000000E-01    0.839843750000000E-01    0.100000000000000E+01    0.100000000000000E+01
  23    0.859375000000000E-01    0.878906250000000E-01    0.100000000000000E+01    0.100000000000000E+01
  24    0.898437500000000E-01    0.917968750000000E-01    0.100000000000000E+01    0.100000000000000E+01
  25    0.937500000000000E-01    0.957031250000000E-01    0.100000000000000E+01    0.100000000000000E+01
  26    0.976562500000000E-01    0.996093750000000E-01    0.100000000000000E+01    0.100000000000000E+01
  27    0.101562500000000E+00    0.103515625000000E+00    0.100000000000000E+01    0.100000000000000E+01
  28    0.105468750000000E+00    0.107421875000000E+00    0.100000000000000E+01    0.100000000000000E+01
  29    0.109375000000000E+00    0.111328125000000E+00    0.100000000000000E+01    0.100000000000000E+01
  30    0.113281250000000E+00    0.115234375000000E+00    0.100000000000000E+01    0.100000000000000E+01
  31    0.117187500000000E+00    0.119140625000000E+00    0.100000000000000E+01    0.100000000000000E+01
  32    0.121093750000000E+00    0.123046875000000E+00    0.100000000000000E+01    0.100000000000000E+01
  33    0.125000000000000E+00    0.126953125000000E+00    0.100000000000000E+01    0.100000000000000E+01
  34    0.128906250000000E+00    0.130859375000000E+00    0.100000000000000E+01    0.100000000000000E+01
  35    0.132812500000000E+00    0.134765625000000E+00    0.100000000000000E+01    0.100000000000000E+01
  36    0.136718750000000E+00    0.138671875000000E+00    0.100000000000000E+01    0.100000000000000E+01
  37    0.140625000000000E+00    0.142578125000000E+00    0.100000000000000E+01    0.100000000000000E+01
  38    0.144531250000000E+00    0.146484375000000E+00    0.100000000000000E+01    0.100000000000000E+01
  39    0.148437500000000E+00    0.150390625000000E+00    0.100000000000000E+01    0.100000000000000E+01
  40    0.152343750000000E+00    0.154296875000000E+00    0.100000000000000E+01    0.100000000000000E+01
  41    0.156250000000000E+00    0.158203125000000E+00    0.100000000000000E+01    0.100000000000000E+01
  42    0.160156250000000E+00    0.162109375000000E+00    0.100000000000000E+01    0.100000000000000E+01
  43    0.164062500000000E+00    0.166015625000000E+00    0.100000000000000E+01    0.100000000000000E+01
  44    0.167968750000000E+00    0.169921875000000E+00    0.100000000000000E+01    0.100000000000000E+01
  45    0.171875000000000E+00    0.173828125000000E+00    0.100000000000000E+01    0.100000000000000E+01
  46    0.175781250000000E+00    0.177734375000000E+00    0.100000000000000E+01    0.100000000000000E+01
  47    0.179687500000000E+00    0.181640625000000E+00    0.100000000000000E+01    0.100000000000000E+01
  48    0.183593750000000E+00    0.185546875000000E+00    0.100000000000000E+01    0.100000000000000E+01
  49    0.187500000000000E+00    0.189453125000000E+00    0.100000000000000E+01    0.100000000000000E+01
  50    0.191406250000000E+00    0.193359375000000E+00    0.100000000000000E+01    0.100000000000000E+01
  51    0.195312500000000E+00    0.197265625000000E+00    0.100000000000000E+01    0.100000000000000E+01
  52    0.199218750000000E+00    0.201171875000000E+00    0.100000000000000E+01    0.100000000000000E+01
  53    0.203125000000000E+00    0.205078125000000E+00    0.100000000000000E+01    0.100000000000000E+01
  54    0.207031250000000E+00    0.208984375000000E+00    0.100000000000000E+01    0.100000000000000E+01
  55    0.210937500000000E+00    0.212890625000000E+00    0.100000000000000E+01    0.100000000000000E+01
  56    0.214843750000000E+00    0.216796875000000E+00    0.100000000000000E+01    0.100000000000000E+01
  57    0.218750000000000E+00    0.220703125000000E+00    0.100000000000000E+01    0.100000000000000E+01
  58    0.222656250000000E+00    0.224609375000000E+00    0.100000000000000E+01    0.100000000000000E+01
  59    0.226562500000000E+00    0.228515625000000E+00    0.100000000000000E+01    0.100000000000000E+01
  60    0.230468750000000E+00    0.232421875000000E+00    0.100000000000000E+01    0.100000000000000E+01
  61    0.234375000000000E+00    0.236328125000000E+00    0.100000000000000E+01    0.100000000000000E+01
  62    0.238281250000000E+00    0.240234375000000E+00    0.100000000000000E+01    0.100000000000000E+01
  63    0.242187500000000E+00    0.244140625000000E+00    0.100000000000000E+01    0.100000000000000E+01
  64    0.246093750000000E+00    0.248046875000000E+00    0.100000000000000E+01    0.100000000000000E+01
  65    0.250000000000000E+00    0.251953125000000E+00    0.100000000000000E+01    0.100000000000000E+01
  66    0.253906250000000E+00    0.255859375000000E+00    0.100000000000000E+01    0.100000000000000E+01
  67    0.257812500000000E+00    0.259765625000000E+00    0.100000000000000E+01    0.100000000000000E+01
  68    0.261718750000000E+00    0.263671875000000E+00    0.100000000000000E+01    0.100000000000000E+01
  69    0.265625000000000E+00    0.267578125000000E+00    0.100000000000000E+01    0.100000000000000E+01
  70    0.269531250000000E+00    0.271484375000000E+00    0.100000000000000E+01    0.100000000000000E+01
  71    0.273437500000000E+00    0.275390625000000E+00    0.100000000000000E+01    0.100000000000000E+01
  72    0.277343750000000E+00    0.279296875000000E+00    0.100000000000000E+01    0.100000000000000E+01
  73    0.281250000000000E+00    0.283203125000000E+00    0.100000000000000E+01    0.100000000000000E+01
  74    0.285156250000000E+00    0.287109375000000E+00    0.100000000000000E+01    0.100000000000000E+01
  75    0.289062500000000E+00    0.291015625000000E+00    0.100000000000000E+01    0.100000000000000E+01
  76    0.292968750000000E+00    0.294921875000000E+00    0.100000000000000E+01    0.100000000000000E+01
  77    0.296875000000000E+00    0.298828125000000E+00    0.100000000000000E+01    0.100000000000000E+01
  78    0.300781250000000E+00    0.302734375000000E+00    0.100000000000000E+01    0.100000000000000E+01
  79    0.304687500000000E+00    0.306640625000000E+00    0.100000000000000E+01    0.100000000000000E+01
  80    0.308593750000000E+00    0.310546875000000E+00    0.100000000000000E+01    0.100000000000000E+01
  81    0.312500000000000E+00    0.314453125000000E+00    0.100000000000000E+01    0.100000000000000E+01
  82    0.316406250000000E+00    0.318359375000000E+00    0.100000000000000E+01    0.100000000000000E+01
  83    0.320312500000000E+00    0.322265625000000E+00    0.100000000000000E+01    0.100000000000000E+01
  84    0.324218750000000E+00    0.326171875000000E+00    0.100000000000000E+01    0.100000000000000E+01
  85    0.328125000000000E+00    0.330078125000000E+00    0.100000000000000E+01    0.100000000000000E+01
  86    0.332031250000000E+00    0.333984375000000E+00    0.100000000000000E+01    0.100000000000000E+01
  87    0.335937500000000E+00    0.337890625000000E+00    0.100000000000000E+01    0.100000000000000E+01
  88    0.339843750000000E+00    0.341796875000000E+00    0.100000000000000E+01    0.100000000000000E+01
  89    0.343750000000000E+00    0.345703125000000E+00    0.100000000000000E+01    0.100000000000000E+01
  90    0.347656250000000E+00    0.349609375000000E+00    0.100000000000000E+01    0.100000000000000E+01
  91    0.351562500000000E+00    0.353515625000000E+00    0.100000000000000E+01    0.100000000000000E+01
  92    0.355468750000000E+00    0.357421875000000E+00    0.100000000000000E+01    0.100000000000000E+01
  93    0.359375000000000E+00    0.361328125000000E+00    0.100000000000000E+01    0.100000000000000E+01
  94    0.363281250000000E+00    0.365234375000000E+00    0.100000000000000E+01    0.100000000000000E+01
  95    0.367187500000000E+00    0.369140625000000E+00    0.100000000000000E+01    0.100000000000000E+01
  96    0.371093750000000E+00    0.373046875000000E+00    0.100000000000000E+01    0.100000000000000E+01
  97    0.375000000000000E+00    0.376953125000000E+00    0.100000000000000E+01    0.100000000000000E+01
  98    0.378906250000000E+00    0.380859375000000E+00    0.100000000000000E+01    0.100000000000000E+01
  99    0.382812500000000E+00    0.384765625000000E+00    0.100000000000000E+01    0.100000000000000E+01
 100    0.386718750000000E+00    0.388671875000000E+00    0.100000000000000E+01    0.100000000000000E+01
 101    0.390625000000000E+00    0.392578125000000E+00    0.100000000000000E+01    0.100000000000000E+01
 102    0.394531250000000E+00    0.396484375000000E+00    0.100000000000000E+01    0.100000000000000E+01
 103    0.398437500000000E+00    0.400390625000000E+00    0.100000000000000E+01    0.100000000000000E+01
 104    0.402343750000000E+00    0.404296875000000E+00    0.100000000000000E+01    0.100000000000000E+01
 105    0.406250000000000E+00    0.408203125000000E+00    0.100000000000000E+01    0.100000000000000E+01
 106    0.410156250000000E+00    0.412109375000000E+00    0.100000000000000E+01    0.100000000000000E+01
 107    0.414062500000000E+00    0.416015625000000E+00    0.100000000000000E+01    0.100000000000000E+01
 108    0.417968750000000E+00    0.419921875000000E+00    0.100000000000000E+01    0.100000000000000E+01
 109    0.421875000000000E+00    0.423828125000000E+00    0.100000000000000E+01    0.100000000000000E+01
 110    0.425781250000000E+00    0.427734375000000E+00    0.100000000000000E+01    0.100000000000000E+01
 111    0.429687500000000E+00    0.431640625000000E+00    0.100000000000000E+01    0.100000000000000E+01
 112    0.433593750000000E+00    0.435546875000000E+00    0.100000000000000E+01    0.100000000000000E+01
 113    0.437500000000000E+00    0.439453125000000E+00    0.100000000000000E+01    0.100000000000000E+01
 114    0.441406250000000E+00    0.443359375000000E+00    0.100000000000000E+01    0.100000000000000E+01
 115    0.445312500000000E+00    0.447265625000000E+00    0.100000000000000E+01    0.100000000000000E+01
 116    0.449218750000000E+00    0.451171875000000E+00    0.100000000000000E+01    0.100000000000000E+01
 117    0.453125000000000E+00    0.455078125000000E+00    0.100000000000000E+01    0.100000000000000E+01
 118    0.457031250000000E+00    0.458984375000000E+00    0.100000000000000E+01    0.100000000000000E+01
 119    0.460937500000000E+00    0.462890625000000E+00    0.100000000000000E+01    0.100000000000000E+01
 120    0.464843750000000E+00    0.466796875000000E+00    0.100000000000000E+01    0.100000000000000E+01
 121    0.468750000000000E+00    0.470703125000000E+00    0.100000000000000E+01    0.100000000000000E+01
 122    0.472656250000000E+00    0.474609375000000E+00    0.100000000000000E+01    0.100000000000000E+01
 123    0.476562500000000E+00    0.478515625000000E+00    0.100000000000000E+01    0.100000000000000E+01
 124    0.480468750000000E+00    0.482421875000000E+00    0.100000000000000E+01    0.100000000000000E+01
 125    0.484375000000000E+00    0.486328125000000E+00    0.100000000000000E+01    0.100000000000000E+01
 126    0.488281250000000E+00    0.490234375000000E+00    0.100000000000000E+01    0.100000000000000E+01
 127    0.492187500000000E+00    0.494140625000000E+00    0.100000000000000E+01    0.100000000000000E+01
 128    0.496093750000000E+00    0.498046875000000E+00    0.100000000000000E+01    0.100000000000000E+01
 129    0.500000000000000E+00    0.501953125000000E+00    0.100000000000000E+01    0.100000000000000E+01
 130    0.503906250000000E+00    0.505859375000000E+00    0.100000000000000E+01    0.100000000000000E+01
 131    0.507812500000000E+00    0.509765625000000E+00    0.100000000000000E+01    0.100000000000000E+01
 132    0.511718750000000E+00    0.513671875000000E+00    0.100000000000000E+01    0.100000000000000E+01
 133    0.515625000000000E+00    0.517578125000000E+00    0.100000000000000E+01    0.100000000000000E+01
 134    0.519531250000000E+00    0.521484375000000E+00    0.100000000000000E+01    0.100000000000000E+01
 135    0.523437500000000E+00    0.525390625000000E+00    0.100000000000000E+01    0.100000000000000E+01
 136    0.527343750000000E+00    0.529296875000000E+00    0.100000000000000E+01    0.100000000000000E+01
 137    0.531250000000000E+00    0.533203125000000E+00    0.100000000000000E+01    0.100000000000000E+01
 138    0.535156250000000E+00    0.537109375000000E+00    0.100000000000000E+01    0.100000000000000E+01
 139    0.539062500000000E+00    0.541015625000000E+00    0.100000000000000E+01    0.100000000000000E+01
 140    0.542968750000000E+00    0.544921875000000E+00    0.100000000000000E+01    0.100000000000000E+01
 141    0.546875000000000E+00    0.548828125000000E+00    0.100000000000000E+01    0.100000000000000E+01
 142    0.550781250000000E+00    0.552734375000000E+00    0.100000000000000E+01    0.100000000000000E+01
 143    0.554687500000000E+00    0.556640625000000E+00    0.100000000000000E+01    0.100000000000000E+01
 144    0.558593750000000E+00    0.560546875000000E+00    0.100000000000000E+01    0.100000000000000E+01
 145    0.562500000000000E+00    0.564453125000000E+00    0.100000000000000E+01    0.100000000000000E+01
 146    0.566406250000000E+00    0.568359375000000E+00    0.100000000000000E+01    0.100000000000000E+01
 147    0.570312500000000E+00    0.572265625000000E+00    0.100000000000000E+01    0.100000000000000E+01
 148    0.574218750000000E+00    0.576171875000000E+00    0.100000000000000E+01    0.100000000000000E+01
 149    0.578125000000000E+00    0.580078125000000E+00    0.100000000000000E+01    0.100000000000000E+01
 150    0.582031250000000E+00    0.583984375000000E+00    0.100000000000000E+01    0.100000000000000E+01
 151    0.585937500000000E+00    0.587890625000000E+00    0.100000000000000E+01    0.100000000000000E+01
 152    0.589843750000000E+00    0.591796875000000E+00    0.100000000000000E+01    0.100000000000000E+01
 153    0.593750000000000E+00    0.595703125000000E+00    0.100000000000000E+01    0.100000000000000E+01
 154    0.597656250000000E+00    0.599609375000000E+00    0.100000000000000E+01    0.100000000000000E+01
 155    0.601562500000000E+00    0.603515625000000E+00    0.100000000000000E+01    0.100000000000000E+01
 156    0.605468750000000E+00    0.607421875000000E+00    0.100000000000000E+01    0.100000000000000E+01
 157    0.609375000000000E+00    0.611328125000000E+00    0.100000000000000E+01    0.100000000000000E+01
 158    0.613281250000000E+00    0.615234375000000E+00    0.100000000000000E+01    0.100000000000000E+01
 159    0.617187500000000E+00    0.619140625000000E+00    0.100000000000000E+01    0.100000000000000E+01
 160    0.621093750000000E+00    0.623046875000000E+00    0.100000000000000E+01    0.100000000000000E+01
 161    0.625000000000000E+00    0.626953125000000E+00    0.100000000000000E+01    0.100000000000000E+01
 162    0.628906250000000E+00    0.630859375000000E+00    0.100000000000000E+01    0.100000000000000E+01
 163    0.632812500000000E+00    0.634765625000000E+00    0.100000000000000E+01    0.100000000000000E+01
 164    0.636718750000000E+00    0.638671875000000E+00    0.100000000000000E+01    0.100000000000000E+01
 165    0.640625000000000E+00    0.642578125000000E+00    0.100000000000000E+01    0.100000000000000E+01
 166    0.644531250000000E+00    0.646484375000000E+00    0.100000000000000E+01    0.100000000000000E+01
 167    0.648437500000000E+00    0.650390625000000E+00    0.100000000000000E+01    0.100000000000000E+01
 168    0.652343750000000E+00    0.654296875000000E+00    0.100000000000000E+01    0.100000000000000E+01
 169    0.656250000000000E+00    0.658203125000000E+00    0.100000000000000E+01    0.100000000000000E+01
 170    0.660156250000000E+00    0.662109375000000E+00    0.100000000000000E+01    0.100000000000000E+01
 171    0.664062500000000E+00    0.666015625000000E+00    0.100000000000000E+01    0.100000000000000E+01
 172    0.667968750000000E+00    0.669921875000000E+00    0.100000000000000E+01    0.100000000000000E+01
 173    0.671875000000000E+00    0.673828125000000E+00    0.100000000000000E+01    0.100000000000000E+01
 174    0.675781250000000E+00    0.677734375000000E+00    0.100000000000000E+01    0.100000000000000E+01
 175    0.679687500000000E+00    0.681640625000000E+00    0.100000000000000E+01    0.100000000000000E+01
 176    0.683593750000000E+00    0.685546875000000E+00    0.100000000000000E+01    0.100000000000000E+01
 177    0.687500000000000E+00    0.689453125000000E+00    0.100000000000000E+01    0.100000000000000E+01
 178    0.691406250000000E+00    0.693359375000000E+00    0.100000000000000E+01    0.100000000000000E+01
 179    0.695312500000000E+00    0.697265625000000E+00    0.100000000000000E+01    0.100000000000000E+01
 180    0.699218750000000E+00    0.701171875000000E+00    0.100000000000000E+01    0.100000000000000E+01
 181    0.703125000000000E+00    0.705078125000000E+00    0.100000000000000E+01    0.100000000000000E+01
 182    0.707031250000000E+00    0.708984375000000E+00    0.100000000000000E+01    0.100000000000000E+01
 183    0.710937500000000E+00    0.712890625000000E+00    0.100000000000000E+01    0.100000000000000E+01
 184    0.714843750000000E+00    0.716796875000000E+00    0.100000000000000E+01    0.100000000000000E+01
 185    0.718750000000000E+00    0.720703125000000E+00    0.100000000000000E+01    0.100000000000000E+01
 186    0.722656250000000E+00    0.724609375000000E+00    0.100000000000000E+01    0.100000000000000E+01
 187    0.726562500000000E+00    0.728515625000000E+00    0.100000000000000E+01    0.100000000000000E+01
 188    0.730468750000000E+00    0.732421875000000E+00    0.100000000000000E+01    0.100000000000000E+01
 189    0.734375000000000E+00    0.736328125000000E+00    0.100000000000000E+01    0.100000000000000E+01
 190    0.738281250000000E+00    0.740234375000000E+00    0.100000000000000E+01    0.100000000000000E+01
 191    0.742187500000000E+00    0.744140625000000E+00    0.100000000000000E+01    0.100000000000000E+01
 192    0.746093750000000E+00    0.748046875000000E+00    0.100000000000000E+01    0.100000000000000E+01
 193    0.750000000000000E+00    0.751953125000000E+00    0.100000000000000E+01    0.100000000000000E+01
 194    0.753906250000000E+00    0.755859375000000E+00    0.100000000000000E+01    0.100000000000000E+01
 195    0.757812500000000E+00    0.759765625000000E+00    0.100000000000000E+01    0.100000000000000E+01
 196    0.761718750000000E+00    0.763671875000000E+00    0.100000000000000E+01    0.100000000000000E+01
 197    0.765625000000000E+00    0.767578125000000E+00    0.100000000000000E+01    0.100000000000000E+01
 198    0.769531250000000E+00    0.771484375000000E+00    0.100000000000000E+01    0.100000000000000E+01
 199    0.773437500000000E+00    0.775390625000000E+00    0.100000000000000E+01    0.100000000000000E+01
 200    0.777343750000000E+00    0.779296875000000E+00    0.100000000000000E+01    0.100000000000000E+01
 201    0.781250000000000E+00    0.783203125000000E+00    0.100000000000000E+01    0.100000000000000E+01
 202    0.785156250000000E+00    0.787109375000000E+00    0.100000000000000E+01    0.100000000000000E+01
 203    0.789062500000000E+00    0.791015625000000E+00    0.100000000000000E+01    0.100000000000000E+01
 204    0.792968750000000E+00    0.794921875000000E+00    0.100000000000000E+01    0.100000000000000E+01
 205    0.796875000000000E+00    0.798828125000000E+00    0.100000000000000E+01    0.100000000000000E+01
 206    0.800781250000000E+00    0.802734375000000E+00    0.100000000000000E+01    0.100000000000000E+01
 207    0.804687500000000E+00    0.806640625000000E+00    0.100000000000000E+01    0.100000000000000E+01
 208    0.808593750000000E+00    0.810546875000000E+00    0.100000000000000E+01    0.100000000000000E+01
 209    0.812500000000000E+00    0.814453125000000E+00    0.100000000000000E+01    0.100000000000000E+01
 210    0.816406250000000E+00    0.818359375000000E+00    0.100000000000000E+01    0.100000000000000E+01
 211    0.820312500000000E+00    0.822265625000000E+00    0.100000000000000E+01    0.100000000000000E+01
 212    0.824218750000000E+00    0.826171875000000E+00    0.100000000000000E+01    0.100000000000000E+01
 213    0.828125000000000E+00    0.830078125000000E+00    0.100000000000000E+01    0.100000000000000E+01
 214    0.832031250000000E+00    0.833984375000000E+00    0.100000000000000E+01    0.100000000000000E+01
 215    0.835937500000000E+00    0.837890625000000E+00    0.100000000000000E+01    0.100000000000000E+01
 216    0.839843750000000E+00    0.841796875000000E+00    0.100000000000000E+01    0.100000000000000E+01
 217    0.843750000000000E+00    0.845703125000000E+00    0.100000000000000E+01    0.100000000000000E+01
 218    0.847656250000000E+00    0.849609375000000E+00    0.100000000000000E+01    0.100000000000000E+01
 219    0.851562500000000E+00    0.853515625000000E+00    0.100000000000000E+01    0.100000000000000E+01
 220    0.855468750000000E+00    0.857421875000000E+00    0.100000000000000E+01    0.100000000000000E+01
 221    0.859375000000000E+00    0.861328125000000E+00    0.100000000000000E+01    0.100000000000000E+01
 222    0.863281250000000E+00    0.865234375000000E+00    0.100000000000000E+01    0.100000000000000E+01
 223    0.867187500000000E+00    0.869140625000000E+00    0.100000000000000E+01    0.100000000000000E+01
 224    0.871093750000000E+00    0.873046875000000E+00    0.100000000000000E+01    0.100000000000000E+01
 225    0.875000000000000E+00    0.876953125000000E+00    0.100000000000000E+01    0.100000000000000E+01
 226    0.878906250000000E+00    0.880859375000000E+00    0.100000000000000E+01    0.100000000000000E+01
 227    0.882812500000000E+00    0.884765625000000E+00    0.100000000000000E+01    0.100000000000000E+01
 228    0.886718750000000E+00    0.888671875000000E+00    0.100000000000000E+01    0.100000000000000E+01
 229    0.890625000000000E+00    0.892578125000000E+00    0.100000000000000E+01    0.100000000000000E+01
 230    0.894531250000000E+00    0.896484375000000E+00    0.100000000000000E+01    0.100000000000000E+01
 231    0.898437500000000E+00    0.900390625000000E+00    0.100000000000000E+01    0.100000000000000E+01
 232    0.902343750000000E+00    0.904296875000000E+00    0.100000000000000E+01    0.100000000000000E+01
 233    0.906250000000000E+00    0.908203125000000E+00    0.100000000000000E+01    0.100000000000000E+01
 234    0.910156250000000E+00    0.912109375000000E+00    0.100000000000000E+01    0.100000000000000E+01
 235    0.914062500000000E+00    0.916015625000000E+00    0.100000000000000E+01    0.100000000000000E+01
 236    0.917968750000000E+00    0.919921875000000E+00    0.100000000000000E+01    0.100000000000000E+01
 237    0.921875000000000E+00    0.923828125000000E+00    0.100000000000000E+01    0.100000000000000E+01
 238    0.925781250000000E+00    0.927734375000000E+00    0.100000000000000E+01    0.100000000000000E+01
 239    0.929687500000000E+00    0.931640625000000E+00    0.100000000000000E+01    0.100000000000000E+01
 240    0.933593750000000E+00    0.935546875000000E+00    0.100000000000000E+01    0.100000000000000E+01
 241    0.937500000000000E+00    0.939453125000000E+00    0.100000000000000E+01    0.100000000000000E+01
 242    0.941406250000000E+00    0.943359375000000E+00    0.100000000000000E+01    0.100000000000000E+01
 243    0.945312500000000E+00    0.947265625000000E+00    0.100000000000000E+01    0.100000000000000E+01
 244    0.949218750000000E+00    0.951171875000000E+00    0.100000000000000E+01    0.100000000000000E+01
 245    0.953125000000000E+00    0.955078125000000E+00    0.100000000000000E+01    0.100000000000000E+01
 246    0.957031250000000E+00    0.958984375000000E+00    0.100000000000000E+01    0.100000000000000E+01
 247    0.960937500000000E+00    0.962890625000000E+00    0.100000000000000E+01    0.100000000000000E+01
 248    0.964843750000000E+00    0.966796875000000E+00    0.100000000000000E+01    0.100000000000000E+01
 249    0.968750000000000E+00    0.970703125000000E+00    0.100000000000000E+01    0.100000000000000E+01
 250    0.972656250000000E+00    0.974609375000000E+00    0.100000000000000E+01    0.100000000000000E+01
 251    0.976562500000000E+00    0.978515625000000E+00    0.100000000000000E+01    0.100000000000000E+01
 252    0.980468750000000E+00    0.982421875000000E+00    0.100000000000000E+01    0.100000000000000E+01
 253    0.984375000000000E+00    0.986328125000000E+00    0.100000000000000E+01    0.100000000000000E+01
 254    0.988281250000000E+00    0.990234375000000E+00    0.100000000000000E+01    0.100000000000000E+01
 255    0.992187500000000E+00    0.994140625000000E+00    0.100000000000000E+01    0.100000000000000E+01
 256    0.996093750000000E+00    0.998046875000000E+00    0.100000000000000E+01    0.100000000000000E+01
 257    0.100000000000000E+01    0.100195312500000E+01    0.100000000000000E+01    0.000000000000000E+00
