           1   768.00000000000000        768.00000000000000     
           2   768.00000000000000        768.00000000000000     
           3   768.00000000000000        768.00000000000000     
           4   768.00000000000023        768.00000000000000     
           5   767.99999999999966        768.00000000000000     
           6   768.00000000000023        768.00000000000000     
           7   767.99999999999966        768.00000000000000     
           8   768.00000000000068        768.00000000000023     
           9   767.99999999999966        768.00000000000023     
          10   767.99999999999966        767.99999999999966     
          11   768.00000000000068        768.00000000000023     
          12   767.99999999999966        768.00000000000023     
          13   768.00000000000068        768.00000000000023     
          14   767.99999999999864        767.99999999999966     
          15   768.00000000000068        767.99999999999966     
          16   768.00000000000068        768.00000000000068     
          17   767.99999999999864        767.99999999999966     
          18   768.00000000000068        767.99999999999966     
          19   768.00000000000068        768.00000000000068     
          20   767.99999999999864        767.99999999999966     
          21   768.00000000000068        767.99999999999966     
          22   768.00000000000068        768.00000000000068     
          23   767.99999999999864        767.99999999999966     
          24   768.00000000000068        767.99999999999966     
          25   767.99999999999864        767.99999999999966     
          26   768.00000000000273        768.00000000000068     
          27   767.99999999999864        768.00000000000068     
          28   767.99999999999864        767.99999999999864     
          29   768.00000000000273        768.00000000000068     
          30   767.99999999999864        768.00000000000068     
          31   767.99999999999864        767.99999999999864     
          32   768.00000000000273        768.00000000000068     
          33   767.99999999999864        768.00000000000068     
          34   767.99999999999864        767.99999999999864     
          35   768.00000000000273        768.00000000000068     
          36   767.99999999999864        768.00000000000068     
          37   767.99999999999864        767.99999999999864     
          38   768.00000000000273        768.00000000000068     
          39   767.99999999999864        768.00000000000068     
          40   767.99999999999864        767.99999999999864     
          41   768.00000000000273        768.00000000000068     
          42   767.99999999999864        768.00000000000068     
          43   767.99999999999864        767.99999999999864     
          44   768.00000000000273        768.00000000000068     
          45   767.99999999999864        768.00000000000068     
          46   767.99999999999864        767.99999999999864     
          47   768.00000000000273        768.00000000000068     
          48   767.99999999999864        768.00000000000068     
          49   768.00000000000273        768.00000000000068     
          50   767.99999999999454        767.99999999999864     
          51   768.00000000000273        767.99999999999864     
          52   768.00000000000273        768.00000000000273     
          53   767.99999999999454        767.99999999999864     
          54   768.00000000000273        767.99999999999864     
          55   768.00000000000273        768.00000000000273     
          56   767.99999999999454        767.99999999999864     
          57   768.00000000000273        767.99999999999864     
          58   768.00000000000273        768.00000000000273     
          59   767.99999999999454        767.99999999999864     
          60   768.00000000000273        767.99999999999864     
          61   768.00000000000273        768.00000000000273     
          62   767.99999999999454        767.99999999999864     
          63   768.00000000000273        767.99999999999864     
          64   768.00000000000273        768.00000000000273     
          65   767.99999999999454        767.99999999999864     
          66   768.00000000000273        767.99999999999864     
          67   768.00000000000273        768.00000000000273     
          68   767.99999999999454        767.99999999999864     
          69   768.00000000000273        767.99999999999864     
          70   768.00000000000273        768.00000000000273     
          71   767.99999999999454        767.99999999999864     
          72   768.00000000000273        767.99999999999864     
          73   768.00000000000273        768.00000000000273     
          74   767.99999999999454        767.99999999999864     
          75   768.00000000000273        767.99999999999864     
          76   768.00000000000273        768.00000000000273     
          77   767.99999999999454        767.99999999999864     
          78   768.00000000000273        767.99999999999864     
          79   768.00000000000273        768.00000000000273     
          80   767.99999999999454        767.99999999999864     
          81   768.00000000000273        767.99999999999864     
          82   768.00000000000273        768.00000000000273     
          83   767.99999999999454        767.99999999999864     
          84   768.00000000000273        767.99999999999864     
          85   768.00000000000273        768.00000000000273     
          86   767.99999999999454        767.99999999999864     
          87   768.00000000000273        767.99999999999864     
          88   768.00000000000273        768.00000000000273     
          89   767.99999999999454        767.99999999999864     
          90   768.00000000000273        767.99999999999864     
          91   768.00000000000273        768.00000000000273     
          92   767.99999999999454        767.99999999999864     
          93   768.00000000000273        767.99999999999864     
          94   768.00000000000273        768.00000000000273     
          95   767.99999999999454        767.99999999999864     
          96   768.00000000000273        767.99999999999864     
          97   767.99999999999454        767.99999999999864     
          98   768.00000000001091        768.00000000000273     
          99   767.99999999999454        768.00000000000273     
         100   767.99999999999454        767.99999999999454     
         101   768.00000000001091        768.00000000000273     
         102   767.99999999999454        768.00000000000273     
         103   767.99999999999454        767.99999999999454     
         104   768.00000000001091        768.00000000000273     
         105   767.99999999999454        768.00000000000273     
         106   767.99999999999454        767.99999999999454     
         107   768.00000000001091        768.00000000000273     
         108   767.99999999999454        768.00000000000273     
         109   767.99999999999454        767.99999999999454     
         110   768.00000000001091        768.00000000000273     
         111   767.99999999999454        768.00000000000273     
         112   767.99999999999454        767.99999999999454     
         113   768.00000000001091        768.00000000000273     
         114   767.99999999999454        768.00000000000273     
         115   767.99999999999454        767.99999999999454     
         116   768.00000000001091        768.00000000000273     
         117   767.99999999999454        768.00000000000273     
         118   767.99999999999454        767.99999999999454     
         119   768.00000000001091        768.00000000000273     
         120   767.99999999999454        768.00000000000273     
         121   767.99999999999454        767.99999999999454     
         122   768.00000000001091        768.00000000000273     
         123   767.99999999999454        768.00000000000273     
         124   767.99999999999454        767.99999999999454     
         125   768.00000000001091        768.00000000000273     
         126   767.99999999999454        768.00000000000273     
         127   767.99999999999454        767.99999999999454     
         128   768.00000000001091        768.00000000000273     
         129   767.99999999999454        768.00000000000273     
         130   767.99999999999454        767.99999999999454     
         131   768.00000000001091        768.00000000000273     
         132   767.99999999999454        768.00000000000273     
         133   767.99999999999454        767.99999999999454     
         134   768.00000000001091        768.00000000000273     
         135   767.99999999999454        768.00000000000273     
         136   767.99999999999454        767.99999999999454     
         137   768.00000000001091        768.00000000000273     
         138   767.99999999999454        768.00000000000273     
         139   767.99999999999454        767.99999999999454     
         140   768.00000000001091        768.00000000000273     
         141   767.99999999999454        768.00000000000273     
         142   767.99999999999454        767.99999999999454     
         143   768.00000000001091        768.00000000000273     
         144   767.99999999999454        768.00000000000273     
         145   767.99999999999454        767.99999999999454     
         146   768.00000000001091        768.00000000000273     
         147   767.99999999999454        768.00000000000273     
         148   767.99999999999454        767.99999999999454     
         149   768.00000000001091        768.00000000000273     
         150   767.99999999999454        768.00000000000273     
         151   767.99999999999454        767.99999999999454     
         152   768.00000000001091        768.00000000000273     
         153   767.99999999999454        768.00000000000273     
         154   767.99999999999454        767.99999999999454     
         155   768.00000000001091        768.00000000000273     
         156   767.99999999999454        768.00000000000273     
         157   767.99999999999454        767.99999999999454     
         158   768.00000000001091        768.00000000000273     
         159   767.99999999999454        768.00000000000273     
         160   767.99999999999454        767.99999999999454     
         161   768.00000000001091        768.00000000000273     
         162   767.99999999999454        768.00000000000273     
         163   767.99999999999454        767.99999999999454     
         164   768.00000000001091        768.00000000000273     
         165   767.99999999999454        768.00000000000273     
         166   767.99999999999454        767.99999999999454     
         167   768.00000000001091        768.00000000000273     
         168   767.99999999999454        768.00000000000273     
         169   767.99999999999454        767.99999999999454     
         170   768.00000000001091        768.00000000000273     
         171   767.99999999999454        768.00000000000273     
         172   767.99999999999454        767.99999999999454     
         173   768.00000000001091        768.00000000000273     
         174   767.99999999999454        768.00000000000273     
         175   767.99999999999454        767.99999999999454     
         176   768.00000000001091        768.00000000000273     
         177   767.99999999999454        768.00000000000273     
         178   767.99999999999454        767.99999999999454     
         179   768.00000000001091        768.00000000000273     
         180   767.99999999999454        768.00000000000273     
         181   767.99999999999454        767.99999999999454     
         182   768.00000000001091        768.00000000000273     
         183   767.99999999999454        768.00000000000273     
         184   767.99999999999454        767.99999999999454     
         185   768.00000000001091        768.00000000000273     
         186   767.99999999999454        768.00000000000273     
         187   767.99999999999454        767.99999999999454     
         188   768.00000000001091        768.00000000000273     
         189   767.99999999999454        768.00000000000273     
         190   767.99999999999454        767.99999999999454     
         191   768.00000000001091        768.00000000000273     
         192   767.99999999999454        768.00000000000273     
         193   768.00000000001091        768.00000000000273     
         194   767.99999999997817        767.99999999999454     
         195   768.00000000001091        767.99999999999454     
         196   768.00000000001091        768.00000000001091     
         197   767.99999999997817        767.99999999999454     
         198   768.00000000001091        767.99999999999454     
         199   768.00000000001091        768.00000000001091     
         200   767.99999999997817        767.99999999999454     
         201   768.00000000001091        767.99999999999454     
         202   768.00000000001091        768.00000000001091     
         203   767.99999999997817        767.99999999999454     
         204   768.00000000001091        767.99999999999454     
         205   768.00000000001091        768.00000000001091     
         206   767.99999999997817        767.99999999999454     
         207   768.00000000001091        767.99999999999454     
         208   768.00000000001091        768.00000000001091     
         209   767.99999999997817        767.99999999999454     
         210   768.00000000001091        767.99999999999454     
         211   768.00000000001091        768.00000000001091     
         212   767.99999999997817        767.99999999999454     
         213   768.00000000001091        767.99999999999454     
         214   768.00000000001091        768.00000000001091     
         215   767.99999999997817        767.99999999999454     
         216   768.00000000001091        767.99999999999454     
         217   768.00000000001091        768.00000000001091     
         218   767.99999999997817        767.99999999999454     
         219   768.00000000001091        767.99999999999454     
         220   768.00000000001091        768.00000000001091     
         221   767.99999999997817        767.99999999999454     
         222   768.00000000001091        767.99999999999454     
         223   768.00000000001091        768.00000000001091     
         224   767.99999999997817        767.99999999999454     
         225   768.00000000001091        767.99999999999454     
         226   768.00000000001091        768.00000000001091     
         227   767.99999999997817        767.99999999999454     
         228   768.00000000001091        767.99999999999454     
         229   768.00000000001091        768.00000000001091     
         230   767.99999999997817        767.99999999999454     
         231   768.00000000001091        767.99999999999454     
         232   768.00000000001091        768.00000000001091     
         233   767.99999999997817        767.99999999999454     
         234   768.00000000001091        767.99999999999454     
         235   768.00000000001091        768.00000000001091     
         236   767.99999999997817        767.99999999999454     
         237   768.00000000001091        767.99999999999454     
         238   768.00000000001091        768.00000000001091     
         239   767.99999999997817        767.99999999999454     
         240   768.00000000001091        767.99999999999454     
         241   768.00000000001091        768.00000000001091     
         242   767.99999999997817        767.99999999999454     
         243   768.00000000001091        767.99999999999454     
         244   768.00000000001091        768.00000000001091     
         245   767.99999999997817        767.99999999999454     
         246   768.00000000001091        767.99999999999454     
         247   768.00000000001091        768.00000000001091     
         248   767.99999999997817        767.99999999999454     
         249   768.00000000001091        767.99999999999454     
         250   768.00000000001091        768.00000000001091     
         251   767.99999999997817        767.99999999999454     
         252   768.00000000001091        767.99999999999454     
         253   768.00000000001091        768.00000000001091     
         254   767.99999999997817        767.99999999999454     
         255   768.00000000001091        767.99999999999454     
         256   768.00000000001091        768.00000000001091     
         257   767.99999999997817        767.99999999999454     
         258   768.00000000001091        767.99999999999454     
         259   768.00000000001091        768.00000000001091     
         260   767.99999999997817        767.99999999999454     
         261   768.00000000001091        767.99999999999454     
         262   768.00000000001091        768.00000000001091     
         263   767.99999999997817        767.99999999999454     
         264   768.00000000001091        767.99999999999454     
         265   768.00000000001091        768.00000000001091     
         266   767.99999999997817        767.99999999999454     
         267   768.00000000001091        767.99999999999454     
         268   768.00000000001091        768.00000000001091     
         269   767.99999999997817        767.99999999999454     
         270   768.00000000001091        767.99999999999454     
         271   768.00000000001091        768.00000000001091     
         272   767.99999999997817        767.99999999999454     
         273   768.00000000001091        767.99999999999454     
         274   768.00000000001091        768.00000000001091     
         275   767.99999999997817        767.99999999999454     
         276   768.00000000001091        767.99999999999454     
         277   768.00000000001091        768.00000000001091     
         278   767.99999999997817        767.99999999999454     
         279   768.00000000001091        767.99999999999454     
         280   768.00000000001091        768.00000000001091     
         281   767.99999999997817        767.99999999999454     
         282   768.00000000001091        767.99999999999454     
         283   768.00000000001091        768.00000000001091     
         284   767.99999999997817        767.99999999999454     
         285   768.00000000001091        767.99999999999454     
         286   768.00000000001091        768.00000000001091     
         287   767.99999999997817        767.99999999999454     
         288   768.00000000001091        767.99999999999454     
         289   768.00000000001091        768.00000000001091     
         290   767.99999999997817        767.99999999999454     
         291   768.00000000001091        767.99999999999454     
         292   768.00000000001091        768.00000000001091     
         293   767.99999999997817        767.99999999999454     
         294   768.00000000001091        767.99999999999454     
         295   768.00000000001091        768.00000000001091     
         296   767.99999999997817        767.99999999999454     
         297   768.00000000001091        767.99999999999454     
         298   768.00000000001091        768.00000000001091     
         299   767.99999999997817        767.99999999999454     
         300   768.00000000001091        767.99999999999454     
         301   768.00000000001091        768.00000000001091     
         302   767.99999999997817        767.99999999999454     
         303   768.00000000001091        767.99999999999454     
         304   768.00000000001091        768.00000000001091     
         305   767.99999999997817        767.99999999999454     
         306   768.00000000001091        767.99999999999454     
         307   768.00000000001091        768.00000000001091     
         308   767.99999999997817        767.99999999999454     
         309   768.00000000001091        767.99999999999454     
         310   768.00000000001091        768.00000000001091     
         311   767.99999999997817        767.99999999999454     
         312   768.00000000001091        767.99999999999454     
         313   768.00000000001091        768.00000000001091     
         314   767.99999999997817        767.99999999999454     
         315   768.00000000001091        767.99999999999454     
         316   768.00000000001091        768.00000000001091     
         317   767.99999999997817        767.99999999999454     
         318   768.00000000001091        767.99999999999454     
         319   768.00000000001091        768.00000000001091     
         320   767.99999999997817        767.99999999999454     
         321   768.00000000001091        767.99999999999454     
         322   768.00000000001091        768.00000000001091     
         323   767.99999999997817        767.99999999999454     
         324   768.00000000001091        767.99999999999454     
         325   768.00000000001091        768.00000000001091     
         326   767.99999999997817        767.99999999999454     
         327   768.00000000001091        767.99999999999454     
         328   768.00000000001091        768.00000000001091     
         329   767.99999999997817        767.99999999999454     
         330   768.00000000001091        767.99999999999454     
         331   768.00000000001091        768.00000000001091     
         332   767.99999999997817        767.99999999999454     
         333   768.00000000001091        767.99999999999454     
         334   768.00000000001091        768.00000000001091     
         335   767.99999999997817        767.99999999999454     
         336   768.00000000001091        767.99999999999454     
         337   768.00000000001091        768.00000000001091     
         338   767.99999999997817        767.99999999999454     
         339   768.00000000001091        767.99999999999454     
         340   768.00000000001091        768.00000000001091     
         341   767.99999999997817        767.99999999999454     
         342   768.00000000001091        767.99999999999454     
         343   768.00000000001091        768.00000000001091     
         344   767.99999999997817        767.99999999999454     
         345   768.00000000001091        767.99999999999454     
         346   768.00000000001091        768.00000000001091     
         347   767.99999999997817        767.99999999999454     
         348   768.00000000001091        767.99999999999454     
         349   768.00000000001091        768.00000000001091     
         350   767.99999999997817        767.99999999999454     
         351   768.00000000001091        767.99999999999454     
         352   768.00000000001091        768.00000000001091     
         353   767.99999999997817        767.99999999999454     
         354   768.00000000001091        767.99999999999454     
         355   768.00000000001091        768.00000000001091     
         356   767.99999999997817        767.99999999999454     
         357   768.00000000001091        767.99999999999454     
         358   768.00000000001091        768.00000000001091     
         359   767.99999999997817        767.99999999999454     
         360   768.00000000001091        767.99999999999454     
         361   768.00000000001091        768.00000000001091     
         362   767.99999999997817        767.99999999999454     
         363   768.00000000001091        767.99999999999454     
         364   768.00000000001091        768.00000000001091     
         365   767.99999999997817        767.99999999999454     
         366   768.00000000001091        767.99999999999454     
         367   768.00000000001091        768.00000000001091     
         368   767.99999999997817        767.99999999999454     
         369   768.00000000001091        767.99999999999454     
         370   768.00000000001091        768.00000000001091     
         371   767.99999999997817        767.99999999999454     
         372   768.00000000001091        767.99999999999454     
         373   768.00000000001091        768.00000000001091     
         374   767.99999999997817        767.99999999999454     
         375   768.00000000001091        767.99999999999454     
         376   768.00000000001091        768.00000000001091     
         377   767.99999999997817        767.99999999999454     
         378   768.00000000001091        767.99999999999454     
         379   768.00000000001091        768.00000000001091     
         380   767.99999999997817        767.99999999999454     
         381   768.00000000001091        767.99999999999454     
         382   768.00000000001091        768.00000000001091     
         383   767.99999999997817        767.99999999999454     
         384   768.00000000001091        767.99999999999454     
         385   767.99999999997817        767.99999999999454     
         386   768.00000000004366        768.00000000001091     
         387   767.99999999997817        768.00000000001091     
         388   767.99999999997817        767.99999999997817     
         389   768.00000000004366        768.00000000001091     
         390   767.99999999997817        768.00000000001091     
         391   767.99999999997817        767.99999999997817     
         392   768.00000000004366        768.00000000001091     
         393   767.99999999997817        768.00000000001091     
         394   767.99999999997817        767.99999999997817     
         395   768.00000000004366        768.00000000001091     
         396   767.99999999997817        768.00000000001091     
         397   767.99999999997817        767.99999999997817     
         398   768.00000000004366        768.00000000001091     
         399   767.99999999997817        768.00000000001091     
         400   767.99999999997817        767.99999999997817     
         401   768.00000000004366        768.00000000001091     
         402   767.99999999997817        768.00000000001091     
         403   767.99999999997817        767.99999999997817     
         404   768.00000000004366        768.00000000001091     
         405   767.99999999997817        768.00000000001091     
         406   767.99999999997817        767.99999999997817     
         407   768.00000000004366        768.00000000001091     
         408   767.99999999997817        768.00000000001091     
         409   767.99999999997817        767.99999999997817     
         410   768.00000000004366        768.00000000001091     
         411   767.99999999997817        768.00000000001091     
         412   767.99999999997817        767.99999999997817     
         413   768.00000000004366        768.00000000001091     
         414   767.99999999997817        768.00000000001091     
         415   767.99999999997817        767.99999999997817     
         416   768.00000000004366        768.00000000001091     
         417   767.99999999997817        768.00000000001091     
         418   767.99999999997817        767.99999999997817     
         419   768.00000000004366        768.00000000001091     
         420   767.99999999997817        768.00000000001091     
         421   767.99999999997817        767.99999999997817     
         422   768.00000000004366        768.00000000001091     
         423   767.99999999997817        768.00000000001091     
         424   767.99999999997817        767.99999999997817     
         425   768.00000000004366        768.00000000001091     
         426   767.99999999997817        768.00000000001091     
         427   767.99999999997817        767.99999999997817     
         428   768.00000000004366        768.00000000001091     
         429   767.99999999997817        768.00000000001091     
         430   767.99999999997817        767.99999999997817     
         431   768.00000000004366        768.00000000001091     
         432   767.99999999997817        768.00000000001091     
         433   767.99999999997817        767.99999999997817     
         434   768.00000000004366        768.00000000001091     
         435   767.99999999997817        768.00000000001091     
         436   767.99999999997817        767.99999999997817     
         437   768.00000000004366        768.00000000001091     
         438   767.99999999997817        768.00000000001091     
         439   767.99999999997817        767.99999999997817     
         440   768.00000000004366        768.00000000001091     
         441   767.99999999997817        768.00000000001091     
         442   767.99999999997817        767.99999999997817     
         443   768.00000000004366        768.00000000001091     
         444   767.99999999997817        768.00000000001091     
         445   767.99999999997817        767.99999999997817     
         446   768.00000000004366        768.00000000001091     
         447   767.99999999997817        768.00000000001091     
         448   767.99999999997817        767.99999999997817     
         449   768.00000000004366        768.00000000001091     
         450   767.99999999997817        768.00000000001091     
         451   767.99999999997817        767.99999999997817     
         452   768.00000000004366        768.00000000001091     
         453   767.99999999997817        768.00000000001091     
         454   767.99999999997817        767.99999999997817     
         455   768.00000000004366        768.00000000001091     
         456   767.99999999997817        768.00000000001091     
         457   767.99999999997817        767.99999999997817     
         458   768.00000000004366        768.00000000001091     
         459   767.99999999997817        768.00000000001091     
         460   767.99999999997817        767.99999999997817     
         461   768.00000000004366        768.00000000001091     
         462   767.99999999997817        768.00000000001091     
         463   767.99999999997817        767.99999999997817     
         464   768.00000000004366        768.00000000001091     
         465   767.99999999997817        768.00000000001091     
         466   767.99999999997817        767.99999999997817     
         467   768.00000000004366        768.00000000001091     
         468   767.99999999997817        768.00000000001091     
         469   767.99999999997817        767.99999999997817     
         470   768.00000000004366        768.00000000001091     
         471   767.99999999997817        768.00000000001091     
         472   767.99999999997817        767.99999999997817     
         473   768.00000000004366        768.00000000001091     
         474   767.99999999997817        768.00000000001091     
         475   767.99999999997817        767.99999999997817     
         476   768.00000000004366        768.00000000001091     
         477   767.99999999997817        768.00000000001091     
         478   767.99999999997817        767.99999999997817     
         479   768.00000000004366        768.00000000001091     
         480   767.99999999997817        768.00000000001091     
         481   767.99999999997817        767.99999999997817     
         482   768.00000000004366        768.00000000001091     
         483   767.99999999997817        768.00000000001091     
         484   767.99999999997817        767.99999999997817     
         485   768.00000000004366        768.00000000001091     
         486   767.99999999997817        768.00000000001091     
         487   767.99999999997817        767.99999999997817     
         488   768.00000000004366        768.00000000001091     
         489   767.99999999997817        768.00000000001091     
         490   767.99999999997817        767.99999999997817     
         491   768.00000000004366        768.00000000001091     
         492   767.99999999997817        768.00000000001091     
         493   767.99999999997817        767.99999999997817     
         494   768.00000000004366        768.00000000001091     
         495   767.99999999997817        768.00000000001091     
         496   767.99999999997817        767.99999999997817     
         497   768.00000000004366        768.00000000001091     
         498   767.99999999997817        768.00000000001091     
         499   767.99999999997817        767.99999999997817     
         500   768.00000000004366        768.00000000001091     
         501   767.99999999997817        768.00000000001091     
         502   767.99999999997817        767.99999999997817     
         503   768.00000000004366        768.00000000001091     
         504   767.99999999997817        768.00000000001091     
         505   767.99999999997817        767.99999999997817     
         506   768.00000000004366        768.00000000001091     
         507   767.99999999997817        768.00000000001091     
         508   767.99999999997817        767.99999999997817     
         509   768.00000000004366        768.00000000001091     
         510   767.99999999997817        768.00000000001091     
         511   767.99999999997817        767.99999999997817     
         512   768.00000000004366        768.00000000001091     
         513   767.99999999997817        768.00000000001091     
         514   767.99999999997817        767.99999999997817     
         515   768.00000000004366        768.00000000001091     
         516   767.99999999997817        768.00000000001091     
         517   767.99999999997817        767.99999999997817     
         518   768.00000000004366        768.00000000001091     
         519   767.99999999997817        768.00000000001091     
         520   767.99999999997817        767.99999999997817     
         521   768.00000000004366        768.00000000001091     
         522   767.99999999997817        768.00000000001091     
         523   767.99999999997817        767.99999999997817     
         524   768.00000000004366        768.00000000001091     
         525   767.99999999997817        768.00000000001091     
         526   767.99999999997817        767.99999999997817     
         527   768.00000000004366        768.00000000001091     
         528   767.99999999997817        768.00000000001091     
         529   767.99999999997817        767.99999999997817     
         530   768.00000000004366        768.00000000001091     
         531   767.99999999997817        768.00000000001091     
         532   767.99999999997817        767.99999999997817     
         533   768.00000000004366        768.00000000001091     
         534   767.99999999997817        768.00000000001091     
         535   767.99999999997817        767.99999999997817     
         536   768.00000000004366        768.00000000001091     
         537   767.99999999997817        768.00000000001091     
         538   767.99999999997817        767.99999999997817     
         539   768.00000000004366        768.00000000001091     
         540   767.99999999997817        768.00000000001091     
         541   767.99999999997817        767.99999999997817     
         542   768.00000000004366        768.00000000001091     
         543   767.99999999997817        768.00000000001091     
         544   767.99999999997817        767.99999999997817     
         545   768.00000000004366        768.00000000001091     
         546   767.99999999997817        768.00000000001091     
         547   767.99999999997817        767.99999999997817     
         548   768.00000000004366        768.00000000001091     
         549   767.99999999997817        768.00000000001091     
         550   767.99999999997817        767.99999999997817     
         551   768.00000000004366        768.00000000001091     
         552   767.99999999997817        768.00000000001091     
         553   767.99999999997817        767.99999999997817     
         554   768.00000000004366        768.00000000001091     
         555   767.99999999997817        768.00000000001091     
         556   767.99999999997817        767.99999999997817     
         557   768.00000000004366        768.00000000001091     
         558   767.99999999997817        768.00000000001091     
         559   767.99999999997817        767.99999999997817     
         560   768.00000000004366        768.00000000001091     
         561   767.99999999997817        768.00000000001091     
         562   767.99999999997817        767.99999999997817     
         563   768.00000000004366        768.00000000001091     
         564   767.99999999997817        768.00000000001091     
         565   767.99999999997817        767.99999999997817     
         566   768.00000000004366        768.00000000001091     
         567   767.99999999997817        768.00000000001091     
         568   767.99999999997817        767.99999999997817     
         569   768.00000000004366        768.00000000001091     
         570   767.99999999997817        768.00000000001091     
         571   767.99999999997817        767.99999999997817     
         572   768.00000000004366        768.00000000001091     
         573   767.99999999997817        768.00000000001091     
         574   767.99999999997817        767.99999999997817     
         575   768.00000000004366        768.00000000001091     
         576   767.99999999997817        768.00000000001091     
         577   767.99999999997817        767.99999999997817     
         578   768.00000000004366        768.00000000001091     
         579   767.99999999997817        768.00000000001091     
         580   767.99999999997817        767.99999999997817     
         581   768.00000000004366        768.00000000001091     
         582   767.99999999997817        768.00000000001091     
         583   767.99999999997817        767.99999999997817     
         584   768.00000000004366        768.00000000001091     
         585   767.99999999997817        768.00000000001091     
         586   767.99999999997817        767.99999999997817     
         587   768.00000000004366        768.00000000001091     
         588   767.99999999997817        768.00000000001091     
         589   767.99999999997817        767.99999999997817     
         590   768.00000000004366        768.00000000001091     
         591   767.99999999997817        768.00000000001091     
         592   767.99999999997817        767.99999999997817     
         593   768.00000000004366        768.00000000001091     
         594   767.99999999997817        768.00000000001091     
         595   767.99999999997817        767.99999999997817     
         596   768.00000000004366        768.00000000001091     
         597   767.99999999997817        768.00000000001091     
         598   767.99999999997817        767.99999999997817     
         599   768.00000000004366        768.00000000001091     
         600   767.99999999997817        768.00000000001091     
         601   767.99999999997817        767.99999999997817     
         602   768.00000000004366        768.00000000001091     
         603   767.99999999997817        768.00000000001091     
         604   767.99999999997817        767.99999999997817     
         605   768.00000000004366        768.00000000001091     
         606   767.99999999997817        768.00000000001091     
         607   767.99999999997817        767.99999999997817     
         608   768.00000000004366        768.00000000001091     
         609   767.99999999997817        768.00000000001091     
         610   767.99999999997817        767.99999999997817     
         611   768.00000000004366        768.00000000001091     
         612   767.99999999997817        768.00000000001091     
         613   767.99999999997817        767.99999999997817     
         614   768.00000000004366        768.00000000001091     
         615   767.99999999997817        768.00000000001091     
         616   767.99999999997817        767.99999999997817     
         617   768.00000000004366        768.00000000001091     
         618   767.99999999997817        768.00000000001091     
         619   767.99999999997817        767.99999999997817     
         620   768.00000000004366        768.00000000001091     
         621   767.99999999997817        768.00000000001091     
         622   767.99999999997817        767.99999999997817     
         623   768.00000000004366        768.00000000001091     
         624   767.99999999997817        768.00000000001091     
         625   767.99999999997817        767.99999999997817     
         626   768.00000000004366        768.00000000001091     
         627   767.99999999997817        768.00000000001091     
         628   767.99999999997817        767.99999999997817     
         629   768.00000000004366        768.00000000001091     
         630   767.99999999997817        768.00000000001091     
         631   767.99999999997817        767.99999999997817     
         632   768.00000000004366        768.00000000001091     
         633   767.99999999997817        768.00000000001091     
         634   767.99999999997817        767.99999999997817     
         635   768.00000000004366        768.00000000001091     
         636   767.99999999997817        768.00000000001091     
         637   767.99999999997817        767.99999999997817     
         638   768.00000000004366        768.00000000001091     
         639   767.99999999997817        768.00000000001091     
         640   767.99999999997817        767.99999999997817     
         641   768.00000000004366        768.00000000001091     
         642   767.99999999997817        768.00000000001091     
         643   767.99999999997817        767.99999999997817     
         644   768.00000000004366        768.00000000001091     
         645   767.99999999997817        768.00000000001091     
         646   767.99999999997817        767.99999999997817     
         647   768.00000000004366        768.00000000001091     
         648   767.99999999997817        768.00000000001091     
         649   767.99999999997817        767.99999999997817     
         650   768.00000000004366        768.00000000001091     
         651   767.99999999997817        768.00000000001091     
         652   767.99999999997817        767.99999999997817     
         653   768.00000000004366        768.00000000001091     
         654   767.99999999997817        768.00000000001091     
         655   767.99999999997817        767.99999999997817     
         656   768.00000000004366        768.00000000001091     
         657   767.99999999997817        768.00000000001091     
         658   767.99999999997817        767.99999999997817     
         659   768.00000000004366        768.00000000001091     
         660   767.99999999997817        768.00000000001091     
         661   767.99999999997817        767.99999999997817     
         662   768.00000000004366        768.00000000001091     
         663   767.99999999997817        768.00000000001091     
         664   767.99999999997817        767.99999999997817     
         665   768.00000000004366        768.00000000001091     
         666   767.99999999997817        768.00000000001091     
         667   767.99999999997817        767.99999999997817     
         668   768.00000000004366        768.00000000001091     
         669   767.99999999997817        768.00000000001091     
         670   767.99999999997817        767.99999999997817     
         671   768.00000000004366        768.00000000001091     
         672   767.99999999997817        768.00000000001091     
         673   767.99999999997817        767.99999999997817     
         674   768.00000000004366        768.00000000001091     
         675   767.99999999997817        768.00000000001091     
         676   767.99999999997817        767.99999999997817     
         677   768.00000000004366        768.00000000001091     
         678   767.99999999997817        768.00000000001091     
         679   767.99999999997817        767.99999999997817     
         680   768.00000000004366        768.00000000001091     
         681   767.99999999997817        768.00000000001091     
         682   767.99999999997817        767.99999999997817     
         683   768.00000000004366        768.00000000001091     
         684   767.99999999997817        768.00000000001091     
         685   767.99999999997817        767.99999999997817     
         686   768.00000000004366        768.00000000001091     
         687   767.99999999997817        768.00000000001091     
         688   767.99999999997817        767.99999999997817     
         689   768.00000000004366        768.00000000001091     
         690   767.99999999997817        768.00000000001091     
         691   767.99999999997817        767.99999999997817     
         692   768.00000000004366        768.00000000001091     
         693   767.99999999997817        768.00000000001091     
         694   767.99999999997817        767.99999999997817     
         695   768.00000000004366        768.00000000001091     
         696   767.99999999997817        768.00000000001091     
         697   767.99999999997817        767.99999999997817     
         698   768.00000000004366        768.00000000001091     
         699   767.99999999997817        768.00000000001091     
         700   767.99999999997817        767.99999999997817     
         701   768.00000000004366        768.00000000001091     
         702   767.99999999997817        768.00000000001091     
         703   767.99999999997817        767.99999999997817     
         704   768.00000000004366        768.00000000001091     
         705   767.99999999997817        768.00000000001091     
         706   767.99999999997817        767.99999999997817     
         707   768.00000000004366        768.00000000001091     
         708   767.99999999997817        768.00000000001091     
         709   767.99999999997817        767.99999999997817     
         710   768.00000000004366        768.00000000001091     
         711   767.99999999997817        768.00000000001091     
         712   767.99999999997817        767.99999999997817     
         713   768.00000000004366        768.00000000001091     
         714   767.99999999997817        768.00000000001091     
         715   767.99999999997817        767.99999999997817     
         716   768.00000000004366        768.00000000001091     
         717   767.99999999997817        768.00000000001091     
         718   767.99999999997817        767.99999999997817     
         719   768.00000000004366        768.00000000001091     
         720   767.99999999997817        768.00000000001091     
         721   767.99999999997817        767.99999999997817     
         722   768.00000000004366        768.00000000001091     
         723   767.99999999997817        768.00000000001091     
         724   767.99999999997817        767.99999999997817     
         725   768.00000000004366        768.00000000001091     
         726   767.99999999997817        768.00000000001091     
         727   767.99999999997817        767.99999999997817     
         728   768.00000000004366        768.00000000001091     
         729   767.99999999997817        768.00000000001091     
         730   767.99999999997817        767.99999999997817     
         731   768.00000000004366        768.00000000001091     
         732   767.99999999997817        768.00000000001091     
         733   767.99999999997817        767.99999999997817     
         734   768.00000000004366        768.00000000001091     
         735   767.99999999997817        768.00000000001091     
         736   767.99999999997817        767.99999999997817     
         737   768.00000000004366        768.00000000001091     
         738   767.99999999997817        768.00000000001091     
         739   767.99999999997817        767.99999999997817     
         740   768.00000000004366        768.00000000001091     
         741   767.99999999997817        768.00000000001091     
         742   767.99999999997817        767.99999999997817     
         743   768.00000000004366        768.00000000001091     
         744   767.99999999997817        768.00000000001091     
         745   767.99999999997817        767.99999999997817     
         746   768.00000000004366        768.00000000001091     
         747   767.99999999997817        768.00000000001091     
         748   767.99999999997817        767.99999999997817     
         749   768.00000000004366        768.00000000001091     
         750   767.99999999997817        768.00000000001091     
         751   767.99999999997817        767.99999999997817     
         752   768.00000000004366        768.00000000001091     
         753   767.99999999997817        768.00000000001091     
         754   767.99999999997817        767.99999999997817     
         755   768.00000000004366        768.00000000001091     
         756   767.99999999997817        768.00000000001091     
         757   767.99999999997817        767.99999999997817     
         758   768.00000000004366        768.00000000001091     
         759   767.99999999997817        768.00000000001091     
         760   767.99999999997817        767.99999999997817     
         761   768.00000000004366        768.00000000001091     
         762   767.99999999997817        768.00000000001091     
         763   767.99999999997817        767.99999999997817     
         764   768.00000000004366        768.00000000001091     
         765   767.99999999997817        768.00000000001091     
         766   767.99999999997817        767.99999999997817     
         767   768.00000000004366        768.00000000001091     
         768   767.99999999997817        768.00000000001091     
         769   767.99999999997817        767.99999999997817     
