           1   256.00000000000000        256.00000000000000     
           2   256.00000000000000        256.00000000000000     
           3   256.00000000000000        256.00000000000000     
           4   256.00000000000000        256.00000000000000     
           5   256.00000000000000        256.00000000000000     
           6   256.00000000000000        256.00000000000000     
           7   256.00000000000000        256.00000000000000     
           8   256.00000000000000        256.00000000000000     
           9   256.00000000000000        256.00000000000000     
          10   256.00000000000000        256.00000000000000     
          11   256.00000000000000        256.00000000000000     
          12   256.00000000000000        256.00000000000000     
          13   256.00000000000000        256.00000000000000     
          14   256.00000000000000        256.00000000000000     
          15   256.00000000000000        256.00000000000000     
          16   256.00000000000000        256.00000000000000     
          17   256.00000000000000        256.00000000000000     
          18   256.00000000000000        256.00000000000000     
          19   256.00000000000000        256.00000000000000     
          20   256.00000000000000        256.00000000000000     
          21   256.00000000000000        256.00000000000000     
          22   256.00000000000000        256.00000000000000     
          23   256.00000000000000        256.00000000000000     
          24   256.00000000000000        256.00000000000000     
          25   256.00000000000000        256.00000000000000     
          26   256.00000000000000        256.00000000000000     
          27   256.00000000000000        256.00000000000000     
          28   256.00000000000000        256.00000000000000     
          29   256.00000000000000        256.00000000000000     
          30   256.00000000000000        256.00000000000000     
          31   256.00000000000000        256.00000000000000     
          32   256.00000000000000        256.00000000000000     
          33   256.00000000000000        256.00000000000000     
          34   256.00000000000000        256.00000000000000     
          35   256.00000000000000        256.00000000000000     
          36   256.00000000000000        256.00000000000000     
          37   256.00000000000000        256.00000000000000     
          38   256.00000000000000        256.00000000000000     
          39   256.00000000000000        256.00000000000000     
          40   256.00000000000000        256.00000000000000     
          41   256.00000000000000        256.00000000000000     
          42   256.00000000000000        256.00000000000000     
          43   256.00000000000000        256.00000000000000     
          44   256.00000000000000        256.00000000000000     
          45   256.00000000000000        256.00000000000000     
          46   256.00000000000000        256.00000000000000     
          47   256.00000000000000        256.00000000000000     
          48   256.00000000000000        256.00000000000000     
          49   256.00000000000000        256.00000000000000     
          50   256.00000000000000        256.00000000000000     
          51   256.00000000000000        256.00000000000000     
          52   256.00000000000000        256.00000000000000     
          53   256.00000000000000        256.00000000000000     
          54   256.00000000000000        256.00000000000000     
          55   256.00000000000000        256.00000000000000     
          56   256.00000000000000        256.00000000000000     
          57   256.00000000000000        256.00000000000000     
          58   256.00000000000000        256.00000000000000     
          59   256.00000000000000        256.00000000000000     
          60   256.00000000000000        256.00000000000000     
          61   256.00000000000000        256.00000000000000     
          62   256.00000000000000        256.00000000000000     
          63   256.00000000000000        256.00000000000000     
          64   256.00000000000000        256.00000000000000     
          65   256.00000000000000        256.00000000000000     
          66   256.00000000000000        256.00000000000000     
          67   256.00000000000000        256.00000000000000     
          68   256.00000000000000        256.00000000000000     
          69   256.00000000000000        256.00000000000000     
          70   256.00000000000000        256.00000000000000     
          71   256.00000000000000        256.00000000000000     
          72   256.00000000000000        256.00000000000000     
          73   256.00000000000000        256.00000000000000     
          74   256.00000000000000        256.00000000000000     
          75   256.00000000000000        256.00000000000000     
          76   256.00000000000000        256.00000000000000     
          77   256.00000000000000        256.00000000000000     
          78   256.00000000000000        256.00000000000000     
          79   256.00000000000000        256.00000000000000     
          80   256.00000000000000        256.00000000000000     
          81   256.00000000000000        256.00000000000000     
          82   256.00000000000000        256.00000000000000     
          83   256.00000000000000        256.00000000000000     
          84   256.00000000000000        256.00000000000000     
          85   256.00000000000000        256.00000000000000     
          86   256.00000000000000        256.00000000000000     
          87   256.00000000000000        256.00000000000000     
          88   256.00000000000000        256.00000000000000     
          89   256.00000000000000        256.00000000000000     
          90   256.00000000000000        256.00000000000000     
          91   256.00000000000000        256.00000000000000     
          92   256.00000000000000        256.00000000000000     
          93   256.00000000000000        256.00000000000000     
          94   256.00000000000000        256.00000000000000     
          95   256.00000000000000        256.00000000000000     
          96   256.00000000000000        256.00000000000000     
          97   256.00000000000000        256.00000000000000     
          98   256.00000000000000        256.00000000000000     
          99   256.00000000000000        256.00000000000000     
         100   256.00000000000000        256.00000000000000     
         101   256.00000000000000        256.00000000000000     
         102   256.00000000000000        256.00000000000000     
         103   256.00000000000000        256.00000000000000     
         104   256.00000000000000        256.00000000000000     
         105   256.00000000000000        256.00000000000000     
         106   256.00000000000000        256.00000000000000     
         107   256.00000000000000        256.00000000000000     
         108   256.00000000000000        256.00000000000000     
         109   256.00000000000000        256.00000000000000     
         110   256.00000000000000        256.00000000000000     
         111   256.00000000000000        256.00000000000000     
         112   256.00000000000000        256.00000000000000     
         113   256.00000000000000        256.00000000000000     
         114   256.00000000000000        256.00000000000000     
         115   256.00000000000000        256.00000000000000     
         116   256.00000000000000        256.00000000000000     
         117   256.00000000000000        256.00000000000000     
         118   256.00000000000000        256.00000000000000     
         119   256.00000000000000        256.00000000000000     
         120   256.00000000000000        256.00000000000000     
         121   256.00000000000000        256.00000000000000     
         122   256.00000000000000        256.00000000000000     
         123   256.00000000000000        256.00000000000000     
         124   256.00000000000000        256.00000000000000     
         125   256.00000000000000        256.00000000000000     
         126   256.00000000000000        256.00000000000000     
         127   256.00000000000000        256.00000000000000     
         128   256.00000000000000        256.00000000000000     
         129   256.00000000000000        256.00000000000000     
         130   256.00000000000000        256.00000000000000     
         131   256.00000000000000        256.00000000000000     
         132   256.00000000000000        256.00000000000000     
         133   256.00000000000000        256.00000000000000     
         134   256.00000000000000        256.00000000000000     
         135   256.00000000000000        256.00000000000000     
         136   256.00000000000000        256.00000000000000     
         137   256.00000000000000        256.00000000000000     
         138   256.00000000000000        256.00000000000000     
         139   256.00000000000000        256.00000000000000     
         140   256.00000000000000        256.00000000000000     
         141   256.00000000000000        256.00000000000000     
         142   256.00000000000000        256.00000000000000     
         143   256.00000000000000        256.00000000000000     
         144   256.00000000000000        256.00000000000000     
         145   256.00000000000000        256.00000000000000     
         146   256.00000000000000        256.00000000000000     
         147   256.00000000000000        256.00000000000000     
         148   256.00000000000000        256.00000000000000     
         149   256.00000000000000        256.00000000000000     
         150   256.00000000000000        256.00000000000000     
         151   256.00000000000000        256.00000000000000     
         152   256.00000000000000        256.00000000000000     
         153   256.00000000000000        256.00000000000000     
         154   256.00000000000000        256.00000000000000     
         155   256.00000000000000        256.00000000000000     
         156   256.00000000000000        256.00000000000000     
         157   256.00000000000000        256.00000000000000     
         158   256.00000000000000        256.00000000000000     
         159   256.00000000000000        256.00000000000000     
         160   256.00000000000000        256.00000000000000     
         161   256.00000000000000        256.00000000000000     
         162   256.00000000000000        256.00000000000000     
         163   256.00000000000000        256.00000000000000     
         164   256.00000000000000        256.00000000000000     
         165   256.00000000000000        256.00000000000000     
         166   256.00000000000000        256.00000000000000     
         167   256.00000000000000        256.00000000000000     
         168   256.00000000000000        256.00000000000000     
         169   256.00000000000000        256.00000000000000     
         170   256.00000000000000        256.00000000000000     
         171   256.00000000000000        256.00000000000000     
         172   256.00000000000000        256.00000000000000     
         173   256.00000000000000        256.00000000000000     
         174   256.00000000000000        256.00000000000000     
         175   256.00000000000000        256.00000000000000     
         176   256.00000000000000        256.00000000000000     
         177   256.00000000000000        256.00000000000000     
         178   256.00000000000000        256.00000000000000     
         179   256.00000000000000        256.00000000000000     
         180   256.00000000000000        256.00000000000000     
         181   256.00000000000000        256.00000000000000     
         182   256.00000000000000        256.00000000000000     
         183   256.00000000000000        256.00000000000000     
         184   256.00000000000000        256.00000000000000     
         185   256.00000000000000        256.00000000000000     
         186   256.00000000000000        256.00000000000000     
         187   256.00000000000000        256.00000000000000     
         188   256.00000000000000        256.00000000000000     
         189   256.00000000000000        256.00000000000000     
         190   256.00000000000000        256.00000000000000     
         191   256.00000000000000        256.00000000000000     
         192   256.00000000000000        256.00000000000000     
         193   256.00000000000000        256.00000000000000     
         194   256.00000000000000        256.00000000000000     
         195   256.00000000000000        256.00000000000000     
         196   256.00000000000000        256.00000000000000     
         197   256.00000000000000        256.00000000000000     
         198   256.00000000000000        256.00000000000000     
         199   256.00000000000000        256.00000000000000     
         200   256.00000000000000        256.00000000000000     
         201   256.00000000000000        256.00000000000000     
         202   256.00000000000000        256.00000000000000     
         203   256.00000000000000        256.00000000000000     
         204   256.00000000000000        256.00000000000000     
         205   256.00000000000000        256.00000000000000     
         206   256.00000000000000        256.00000000000000     
         207   256.00000000000000        256.00000000000000     
         208   256.00000000000000        256.00000000000000     
         209   256.00000000000000        256.00000000000000     
         210   256.00000000000000        256.00000000000000     
         211   256.00000000000000        256.00000000000000     
         212   256.00000000000000        256.00000000000000     
         213   256.00000000000000        256.00000000000000     
         214   256.00000000000000        256.00000000000000     
         215   256.00000000000000        256.00000000000000     
         216   256.00000000000000        256.00000000000000     
         217   256.00000000000000        256.00000000000000     
         218   256.00000000000000        256.00000000000000     
         219   256.00000000000000        256.00000000000000     
         220   256.00000000000000        256.00000000000000     
         221   256.00000000000000        256.00000000000000     
         222   256.00000000000000        256.00000000000000     
         223   256.00000000000000        256.00000000000000     
         224   256.00000000000000        256.00000000000000     
         225   256.00000000000000        256.00000000000000     
         226   256.00000000000000        256.00000000000000     
         227   256.00000000000000        256.00000000000000     
         228   256.00000000000000        256.00000000000000     
         229   256.00000000000000        256.00000000000000     
         230   256.00000000000000        256.00000000000000     
         231   256.00000000000000        256.00000000000000     
         232   256.00000000000000        256.00000000000000     
         233   256.00000000000000        256.00000000000000     
         234   256.00000000000000        256.00000000000000     
         235   256.00000000000000        256.00000000000000     
         236   256.00000000000000        256.00000000000000     
         237   256.00000000000000        256.00000000000000     
         238   256.00000000000000        256.00000000000000     
         239   256.00000000000000        256.00000000000000     
         240   256.00000000000000        256.00000000000000     
         241   256.00000000000000        256.00000000000000     
         242   256.00000000000000        256.00000000000000     
         243   256.00000000000000        256.00000000000000     
         244   256.00000000000000        256.00000000000000     
         245   256.00000000000000        256.00000000000000     
         246   256.00000000000000        256.00000000000000     
         247   256.00000000000000        256.00000000000000     
         248   256.00000000000000        256.00000000000000     
         249   256.00000000000000        256.00000000000000     
         250   256.00000000000000        256.00000000000000     
         251   256.00000000000000        256.00000000000000     
         252   256.00000000000000        256.00000000000000     
         253   256.00000000000000        256.00000000000000     
         254   256.00000000000000        256.00000000000000     
         255   256.00000000000000        256.00000000000000     
         256   256.00000000000000        256.00000000000000     
         257   256.00000000000000        256.00000000000000     
